#
# There is insufficient memory for the Java Runtime Environment to continue.
# Native memory allocation (mmap) failed to map 24117248 bytes. Error detail: G1 virtual space
# Possible reasons:
#   The system is out of physical RAM or swap space
#   This process is running with CompressedOops enabled, and the Java Heap may be blocking the growth of the native heap
# Possible solutions:
#   Reduce memory load on the system
#   Increase physical memory or swap space
#   Check if swap backing store is full
#   Decrease Java heap size (-Xmx/-Xms)
#   Decrease number of Java threads
#   Decrease Java thread stack sizes (-Xss)
#   Set larger code cache with -XX:ReservedCodeCacheSize=
#   JVM is running with Unscaled Compressed Oops mode in which the Java heap is
#     placed in the first 4GB address space. The Java Heap base address is the
#     maximum limit for the native heap growth. Please use -XX:HeapBaseMinAddress
#     to set the Java Heap base and to place the Java Heap above 4GB virtual address.
# This output file may be truncated or incomplete.
#
#  Out of Memory Error (os_windows.cpp:3828), pid=10456, tid=14148
#
# JRE version: OpenJDK Runtime Environment (21.0.5) (build 21.0.5+-13047016-b750.29)
# Java VM: OpenJDK 64-Bit Server VM (21.0.5+-13047016-b750.29, mixed mode, tiered, compressed oops, compressed class ptrs, g1 gc, windows-amd64)
# No core dump will be written. Minidumps are not enabled by default on client versions of Windows
#

---------------  S U M M A R Y ------------

Command Line: --add-opens=java.base/java.lang=ALL-UNNAMED --add-opens=java.base/java.lang.invoke=ALL-UNNAMED --add-opens=java.base/java.util=ALL-UNNAMED --add-opens=java.prefs/java.util.prefs=ALL-UNNAMED --add-exports=jdk.compiler/com.sun.tools.javac.api=ALL-UNNAMED --add-exports=jdk.compiler/com.sun.tools.javac.util=ALL-UNNAMED --add-opens=java.base/java.util=ALL-UNNAMED --add-opens=java.prefs/java.util.prefs=ALL-UNNAMED --add-opens=java.base/java.nio.charset=ALL-UNNAMED --add-opens=java.base/java.net=ALL-UNNAMED --add-opens=java.base/java.util.concurrent.atomic=ALL-UNNAMED --add-opens=java.xml/javax.xml.namespace=ALL-UNNAMED --add-opens=jdk.compiler/com.sun.tools.javac.main=ALL-UNNAMED --add-opens=jdk.compiler/com.sun.tools.javac.processing=ALL-UNNAMED --add-opens=jdk.compiler/com.sun.tools.javac.tree=ALL-UNNAMED --add-opens=jdk.compiler/com.sun.tools.javac.util=ALL-UNNAMED --add-opens=jdk.compiler/com.sun.tools.javac.code=ALL-UNNAMED -Xmx2048m -Dfile.encoding=UTF-8 -Duser.country=GB -Duser.language=en -Duser.variant -javaagent:C:\Users\seifk\.gradle\wrapper\dists\gradle-8.11.1-bin\bpt9gzteqjrbo1mjrsomdt32c\gradle-8.11.1\lib\agents\gradle-instrumentation-agent-8.11.1.jar org.gradle.launcher.daemon.bootstrap.GradleDaemon 8.11.1

Host: 13th Gen Intel(R) Core(TM) i7-1355U, 12 cores, 15G,  Windows 11 , 64 bit Build 26100 (10.0.26100.3775)
Time: Mon May  5 14:03:25 2025 Egypt Summer Time elapsed time: 8.176606 seconds (0d 0h 0m 8s)

---------------  T H R E A D  ---------------

Current thread (0x00000257cbdb9350):  VMThread "VM Thread"          [id=14148, stack(0x000000c1e2400000,0x000000c1e2500000) (1024K)]

Stack: [0x000000c1e2400000,0x000000c1e2500000]
Native frames: (J=compiled Java code, j=interpreted, Vv=VM code, C=native code)
V  [jvm.dll+0x6cfb29]
V  [jvm.dll+0x85df93]
V  [jvm.dll+0x8604ee]
V  [jvm.dll+0x860bd3]
V  [jvm.dll+0x27e6b6]
V  [jvm.dll+0x6cc385]
V  [jvm.dll+0x6c078a]
V  [jvm.dll+0x35525b]
V  [jvm.dll+0x35ceb6]
V  [jvm.dll+0x3aedd6]
V  [jvm.dll+0x3af0a8]
V  [jvm.dll+0x32792c]
V  [jvm.dll+0x3279b7]
V  [jvm.dll+0x36d80c]
V  [jvm.dll+0x36bfbe]
V  [jvm.dll+0x327081]
V  [jvm.dll+0x36b6d0]
V  [jvm.dll+0x866958]
V  [jvm.dll+0x867cd4]
V  [jvm.dll+0x868210]
V  [jvm.dll+0x8684a3]
V  [jvm.dll+0x806368]
V  [jvm.dll+0x6ce3fd]
C  [ucrtbase.dll+0x37b0]
C  [KERNEL32.DLL+0x2e8d7]
C  [ntdll.dll+0xb14fc]

VM_Operation (0x000000c1e68f9890): G1CollectForAllocation, mode: safepoint, requested by thread 0x00000257cc97d280


---------------  P R O C E S S  ---------------

Threads class SMR info:
_java_thread_list=0x00000257d26af6c0, length=67, elements={
0x00000257b3a4c790, 0x00000257cbe28400, 0x00000257cbe2ae60, 0x00000257cbe09120,
0x00000257cbe09b70, 0x00000257cbe0a5c0, 0x00000257cbe0b010, 0x00000257cbe0bd90,
0x00000257cbe0c820, 0x00000257cbec3bd0, 0x00000257cc3651f0, 0x00000257d2051c30,
0x00000257d2009730, 0x00000257d2049700, 0x00000257d220db40, 0x00000257d220eb70,
0x00000257d24245c0, 0x00000257d2424c20, 0x00000257d22cd1f0, 0x00000257d22b6bc0,
0x00000257d22bbd60, 0x00000257d22bc3f0, 0x00000257d22bd110, 0x00000257d22bd7a0,
0x00000257d22beb50, 0x00000257d22bca80, 0x00000257d22bde30, 0x00000257d22bf1e0,
0x00000257d22be4c0, 0x00000257d4fa0d50, 0x00000257d4fa1a70, 0x00000257d4fa0030,
0x00000257d4fa13e0, 0x00000257d4fa2100, 0x00000257d4fa06c0, 0x00000257d4f9ec80,
0x00000257d4fa2790, 0x00000257d4f9f310, 0x00000257d4fa2e20, 0x00000257d4f9f9a0,
0x00000257d4fa5c10, 0x00000257d4fa4860, 0x00000257d4fa4ef0, 0x00000257d4fa34b0,
0x00000257d4fa3b40, 0x00000257d4fa41d0, 0x00000257cc97ab20, 0x00000257cc97b1b0,
0x00000257cc97bed0, 0x00000257cc97e630, 0x00000257cc97f9e0, 0x00000257cc97ecc0,
0x00000257cc97cbf0, 0x00000257cc97f350, 0x00000257cc97c560, 0x00000257cc980070,
0x00000257cc980700, 0x00000257cc97d280, 0x00000257cc980d90, 0x00000257cc97d910,
0x00000257cc981420, 0x00000257cc97dfa0, 0x00000257cc982140, 0x00000257cc981ab0,
0x00000257cc896fe0, 0x00000257cc052a40, 0x00000257d478e220
}

Java Threads: ( => current thread )
  0x00000257b3a4c790 JavaThread "main"                              [_thread_blocked, id=26380, stack(0x000000c1e1d00000,0x000000c1e1e00000) (1024K)]
  0x00000257cbe28400 JavaThread "Reference Handler"          daemon [_thread_blocked, id=24988, stack(0x000000c1e2500000,0x000000c1e2600000) (1024K)]
  0x00000257cbe2ae60 JavaThread "Finalizer"                  daemon [_thread_blocked, id=3216, stack(0x000000c1e2600000,0x000000c1e2700000) (1024K)]
  0x00000257cbe09120 JavaThread "Signal Dispatcher"          daemon [_thread_blocked, id=29432, stack(0x000000c1e2700000,0x000000c1e2800000) (1024K)]
  0x00000257cbe09b70 JavaThread "Attach Listener"            daemon [_thread_blocked, id=33456, stack(0x000000c1e2800000,0x000000c1e2900000) (1024K)]
  0x00000257cbe0a5c0 JavaThread "Service Thread"             daemon [_thread_blocked, id=31724, stack(0x000000c1e2900000,0x000000c1e2a00000) (1024K)]
  0x00000257cbe0b010 JavaThread "Monitor Deflation Thread"   daemon [_thread_blocked, id=30640, stack(0x000000c1e2a00000,0x000000c1e2b00000) (1024K)]
  0x00000257cbe0bd90 JavaThread "C2 CompilerThread0"         daemon [_thread_in_native, id=30216, stack(0x000000c1e2b00000,0x000000c1e2c00000) (1024K)]
  0x00000257cbe0c820 JavaThread "C1 CompilerThread0"         daemon [_thread_blocked, id=13560, stack(0x000000c1e2c00000,0x000000c1e2d00000) (1024K)]
  0x00000257cbec3bd0 JavaThread "Common-Cleaner"             daemon [_thread_blocked, id=5420, stack(0x000000c1e2d00000,0x000000c1e2e00000) (1024K)]
  0x00000257cc3651f0 JavaThread "Notification Thread"        daemon [_thread_blocked, id=31960, stack(0x000000c1e2e00000,0x000000c1e2f00000) (1024K)]
  0x00000257d2051c30 JavaThread "Daemon health stats"               [_thread_blocked, id=19108, stack(0x000000c1e2f00000,0x000000c1e3000000) (1024K)]
  0x00000257d2009730 JavaThread "Incoming local TCP Connector on port 64443"        [_thread_in_native, id=15980, stack(0x000000c1e3600000,0x000000c1e3700000) (1024K)]
  0x00000257d2049700 JavaThread "Daemon periodic checks"            [_thread_blocked, id=32188, stack(0x000000c1e3700000,0x000000c1e3800000) (1024K)]
  0x00000257d220db40 JavaThread "Daemon"                            [_thread_blocked, id=28104, stack(0x000000c1e3800000,0x000000c1e3900000) (1024K)]
  0x00000257d220eb70 JavaThread "Handler for socket connection from /127.0.0.1:64443 to /127.0.0.1:64444"        [_thread_in_native, id=32760, stack(0x000000c1e3900000,0x000000c1e3a00000) (1024K)]
  0x00000257d24245c0 JavaThread "Cancel handler"                    [_thread_blocked, id=7880, stack(0x000000c1e3a00000,0x000000c1e3b00000) (1024K)]
  0x00000257d2424c20 JavaThread "Daemon worker"                     [_thread_blocked, id=29212, stack(0x000000c1e3b00000,0x000000c1e3c00000) (1024K)]
  0x00000257d22cd1f0 JavaThread "Asynchronous log dispatcher for DefaultDaemonConnection: socket connection from /127.0.0.1:64443 to /127.0.0.1:64444"        [_thread_blocked, id=26564, stack(0x000000c1e3c00000,0x000000c1e3d00000) (1024K)]
  0x00000257d22b6bc0 JavaThread "Stdin handler"                     [_thread_blocked, id=30596, stack(0x000000c1e3d00000,0x000000c1e3e00000) (1024K)]
  0x00000257d22bbd60 JavaThread "Daemon client event forwarder"        [_thread_blocked, id=25204, stack(0x000000c1e3e00000,0x000000c1e3f00000) (1024K)]
  0x00000257d22bc3f0 JavaThread "Cache worker for journal cache (C:\Users\seifk\.gradle\caches\journal-1)"        [_thread_blocked, id=24616, stack(0x000000c1e4500000,0x000000c1e4600000) (1024K)]
  0x00000257d22bd110 JavaThread "File lock request listener"        [_thread_in_native, id=26964, stack(0x000000c1e4600000,0x000000c1e4700000) (1024K)]
  0x00000257d22bd7a0 JavaThread "Cache worker for file hash cache (C:\Users\seifk\.gradle\caches\8.11.1\fileHashes)"        [_thread_blocked, id=27900, stack(0x000000c1e4700000,0x000000c1e4800000) (1024K)]
  0x00000257d22beb50 JavaThread "Cache worker for file content cache (C:\Users\seifk\.gradle\caches\8.11.1\fileContent)"        [_thread_blocked, id=23720, stack(0x000000c1e4900000,0x000000c1e4a00000) (1024K)]
  0x00000257d22bca80 JavaThread "Cache worker for file hash cache (D:\Appliction\ITC_ONL2_SWD4_S2_Group2\.gradle\8.11.1\fileHashes)"        [_thread_blocked, id=27992, stack(0x000000c1e4a00000,0x000000c1e4b00000) (1024K)]
  0x00000257d22bde30 JavaThread "Cache worker for Build Output Cleanup Cache (D:\Appliction\ITC_ONL2_SWD4_S2_Group2\.gradle\buildOutputCleanup)"        [_thread_blocked, id=10808, stack(0x000000c1e4b00000,0x000000c1e4c00000) (1024K)]
  0x00000257d22bf1e0 JavaThread "File watcher server"        daemon [_thread_in_native, id=23252, stack(0x000000c1e4c00000,0x000000c1e4d00000) (1024K)]
  0x00000257d22be4c0 JavaThread "File watcher consumer"      daemon [_thread_blocked, id=12504, stack(0x000000c1e4d00000,0x000000c1e4e00000) (1024K)]
  0x00000257d4fa0d50 JavaThread "jar transforms"                    [_thread_blocked, id=3696, stack(0x000000c1e4e00000,0x000000c1e4f00000) (1024K)]
  0x00000257d4fa1a70 JavaThread "jar transforms Thread 2"           [_thread_blocked, id=32780, stack(0x000000c1e4f00000,0x000000c1e5000000) (1024K)]
  0x00000257d4fa0030 JavaThread "jar transforms Thread 3"           [_thread_blocked, id=33588, stack(0x000000c1e5000000,0x000000c1e5100000) (1024K)]
  0x00000257d4fa13e0 JavaThread "jar transforms Thread 4"           [_thread_blocked, id=3420, stack(0x000000c1e5100000,0x000000c1e5200000) (1024K)]
  0x00000257d4fa2100 JavaThread "jar transforms Thread 5"           [_thread_blocked, id=26856, stack(0x000000c1e5200000,0x000000c1e5300000) (1024K)]
  0x00000257d4fa06c0 JavaThread "jar transforms Thread 6"           [_thread_blocked, id=28392, stack(0x000000c1e5300000,0x000000c1e5400000) (1024K)]
  0x00000257d4f9ec80 JavaThread "jar transforms Thread 7"           [_thread_blocked, id=21952, stack(0x000000c1e5400000,0x000000c1e5500000) (1024K)]
  0x00000257d4fa2790 JavaThread "jar transforms Thread 8"           [_thread_blocked, id=27564, stack(0x000000c1e5500000,0x000000c1e5600000) (1024K)]
  0x00000257d4f9f310 JavaThread "jar transforms Thread 9"           [_thread_blocked, id=26200, stack(0x000000c1e5600000,0x000000c1e5700000) (1024K)]
  0x00000257d4fa2e20 JavaThread "jar transforms Thread 10"          [_thread_blocked, id=24116, stack(0x000000c1e5700000,0x000000c1e5800000) (1024K)]
  0x00000257d4f9f9a0 JavaThread "jar transforms Thread 11"          [_thread_blocked, id=20948, stack(0x000000c1e5800000,0x000000c1e5900000) (1024K)]
  0x00000257d4fa5c10 JavaThread "jar transforms Thread 12"          [_thread_blocked, id=24668, stack(0x000000c1e5900000,0x000000c1e5a00000) (1024K)]
  0x00000257d4fa4860 JavaThread "Cache worker for checksums cache (D:\Appliction\ITC_ONL2_SWD4_S2_Group2\.gradle\8.11.1\checksums)"        [_thread_blocked, id=14616, stack(0x000000c1e5a00000,0x000000c1e5b00000) (1024K)]
  0x00000257d4fa4ef0 JavaThread "Cache worker for cache directory md-rule (C:\Users\seifk\.gradle\caches\8.11.1\md-rule)"        [_thread_blocked, id=26224, stack(0x000000c1e5b00000,0x000000c1e5c00000) (1024K)]
  0x00000257d4fa34b0 JavaThread "Cache worker for cache directory md-supplier (C:\Users\seifk\.gradle\caches\8.11.1\md-supplier)"        [_thread_blocked, id=23888, stack(0x000000c1e5c00000,0x000000c1e5d00000) (1024K)]
  0x00000257d4fa3b40 JavaThread "Unconstrained build operations"        [_thread_blocked, id=30264, stack(0x000000c1e3000000,0x000000c1e3100000) (1024K)]
  0x00000257d4fa41d0 JavaThread "Unconstrained build operations Thread 2"        [_thread_blocked, id=31084, stack(0x000000c1e4800000,0x000000c1e4900000) (1024K)]
  0x00000257cc97ab20 JavaThread "Unconstrained build operations Thread 3"        [_thread_blocked, id=31628, stack(0x000000c1e5d00000,0x000000c1e5e00000) (1024K)]
  0x00000257cc97b1b0 JavaThread "Unconstrained build operations Thread 4"        [_thread_blocked, id=30496, stack(0x000000c1e5e00000,0x000000c1e5f00000) (1024K)]
  0x00000257cc97bed0 JavaThread "Unconstrained build operations Thread 5"        [_thread_blocked, id=31488, stack(0x000000c1e5f00000,0x000000c1e6000000) (1024K)]
  0x00000257cc97e630 JavaThread "Unconstrained build operations Thread 6"        [_thread_blocked, id=31972, stack(0x000000c1e6000000,0x000000c1e6100000) (1024K)]
  0x00000257cc97f9e0 JavaThread "Unconstrained build operations Thread 7"        [_thread_blocked, id=28732, stack(0x000000c1e6100000,0x000000c1e6200000) (1024K)]
  0x00000257cc97ecc0 JavaThread "Unconstrained build operations Thread 8"        [_thread_blocked, id=11668, stack(0x000000c1e6200000,0x000000c1e6300000) (1024K)]
  0x00000257cc97cbf0 JavaThread "Unconstrained build operations Thread 9"        [_thread_blocked, id=27792, stack(0x000000c1e6300000,0x000000c1e6400000) (1024K)]
  0x00000257cc97f350 JavaThread "Unconstrained build operations Thread 10"        [_thread_blocked, id=33760, stack(0x000000c1e6400000,0x000000c1e6500000) (1024K)]
  0x00000257cc97c560 JavaThread "Unconstrained build operations Thread 11"        [_thread_blocked, id=16848, stack(0x000000c1e6500000,0x000000c1e6600000) (1024K)]
  0x00000257cc980070 JavaThread "Unconstrained build operations Thread 12"        [_thread_blocked, id=9208, stack(0x000000c1e6600000,0x000000c1e6700000) (1024K)]
  0x00000257cc980700 JavaThread "Unconstrained build operations Thread 13"        [_thread_blocked, id=19408, stack(0x000000c1e6700000,0x000000c1e6800000) (1024K)]
  0x00000257cc97d280 JavaThread "Unconstrained build operations Thread 14"        [_thread_blocked, id=5752, stack(0x000000c1e6800000,0x000000c1e6900000) (1024K)]
  0x00000257cc980d90 JavaThread "Unconstrained build operations Thread 15"        [_thread_blocked, id=27424, stack(0x000000c1e6900000,0x000000c1e6a00000) (1024K)]
  0x00000257cc97d910 JavaThread "Unconstrained build operations Thread 16"        [_thread_blocked, id=32176, stack(0x000000c1e6a00000,0x000000c1e6b00000) (1024K)]
  0x00000257cc981420 JavaThread "Unconstrained build operations Thread 17"        [_thread_blocked, id=19424, stack(0x000000c1e6b00000,0x000000c1e6c00000) (1024K)]
  0x00000257cc97dfa0 JavaThread "Unconstrained build operations Thread 18"        [_thread_blocked, id=28908, stack(0x000000c1e6c00000,0x000000c1e6d00000) (1024K)]
  0x00000257cc982140 JavaThread "Unconstrained build operations Thread 19"        [_thread_blocked, id=21880, stack(0x000000c1e6d00000,0x000000c1e6e00000) (1024K)]
  0x00000257cc981ab0 JavaThread "Unconstrained build operations Thread 20"        [_thread_blocked, id=27652, stack(0x000000c1e6e00000,0x000000c1e6f00000) (1024K)]
  0x00000257cc896fe0 JavaThread "Unconstrained build operations Thread 21"        [_thread_blocked, id=31388, stack(0x000000c1e6f00000,0x000000c1e7000000) (1024K)]
  0x00000257cc052a40 JavaThread "C2 CompilerThread1"         daemon [_thread_in_native, id=31928, stack(0x000000c1e7000000,0x000000c1e7100000) (1024K)]
  0x00000257d478e220 JavaThread "C2 CompilerThread2"         daemon [_thread_blocked, id=24652, stack(0x000000c1e7100000,0x000000c1e7200000) (1024K)]
Total: 67

Other Threads:
=>0x00000257cbdb9350 VMThread "VM Thread"                           [id=14148, stack(0x000000c1e2400000,0x000000c1e2500000) (1024K)]
  0x00000257cbd719e0 WatcherThread "VM Periodic Task Thread"        [id=25508, stack(0x000000c1e2300000,0x000000c1e2400000) (1024K)]
  0x00000257b3aa76f0 WorkerThread "GC Thread#0"                     [id=27684, stack(0x000000c1e1e00000,0x000000c1e1f00000) (1024K)]
  0x00000257cc478eb0 WorkerThread "GC Thread#1"                     [id=27092, stack(0x000000c1e3100000,0x000000c1e3200000) (1024K)]
  0x00000257cc82a980 WorkerThread "GC Thread#2"                     [id=26536, stack(0x000000c1e3200000,0x000000c1e3300000) (1024K)]
  0x00000257d10438e0 WorkerThread "GC Thread#3"                     [id=12336, stack(0x000000c1e3300000,0x000000c1e3400000) (1024K)]
  0x00000257cc722150 WorkerThread "GC Thread#4"                     [id=29692, stack(0x000000c1e3400000,0x000000c1e3500000) (1024K)]
  0x00000257cc7224f0 WorkerThread "GC Thread#5"                     [id=29252, stack(0x000000c1e3500000,0x000000c1e3600000) (1024K)]
  0x00000257d22bb640 WorkerThread "GC Thread#6"                     [id=27204, stack(0x000000c1e3f00000,0x000000c1e4000000) (1024K)]
  0x00000257d22c01a0 WorkerThread "GC Thread#7"                     [id=24836, stack(0x000000c1e4000000,0x000000c1e4100000) (1024K)]
  0x00000257d22c0540 WorkerThread "GC Thread#8"                     [id=32412, stack(0x000000c1e4100000,0x000000c1e4200000) (1024K)]
  0x00000257d22e3620 WorkerThread "GC Thread#9"                     [id=24948, stack(0x000000c1e4200000,0x000000c1e4300000) (1024K)]
  0x00000257b3ab9c30 ConcurrentGCThread "G1 Main Marker"            [id=28180, stack(0x000000c1e1f00000,0x000000c1e2000000) (1024K)]
  0x00000257b3abbdf0 WorkerThread "G1 Conc#0"                       [id=28940, stack(0x000000c1e2000000,0x000000c1e2100000) (1024K)]
  0x00000257d22e2060 WorkerThread "G1 Conc#1"                       [id=7656, stack(0x000000c1e4300000,0x000000c1e4400000) (1024K)]
  0x00000257d22e39c0 WorkerThread "G1 Conc#2"                       [id=29712, stack(0x000000c1e4400000,0x000000c1e4500000) (1024K)]
  0x00000257cbbea3e0 ConcurrentGCThread "G1 Refine#0"               [id=26076, stack(0x000000c1e2100000,0x000000c1e2200000) (1024K)]
  0x00000257cbbec110 ConcurrentGCThread "G1 Service"                [id=17012, stack(0x000000c1e2200000,0x000000c1e2300000) (1024K)]
Total: 18

Threads with active compile tasks:
C2 CompilerThread0  8208 5704       4       org.gradle.internal.serialize.HierarchicalNameSerializer::read (6 bytes)
C2 CompilerThread1  8208 5683       4       org.gradle.internal.serialize.HierarchicalNameSerializer::readName (51 bytes)
C2 CompilerThread2  8208 5732       4       org.gradle.internal.serialize.AbstractCollectionSerializer::read (47 bytes)
Total: 3

VM state: at safepoint (normal execution)

VM Mutex/Monitor currently owned by a thread:  ([mutex/lock_event])
[0x00007ffac522d360] Threads_lock - owner thread: 0x00000257cbdb9350
[0x00007ffac522d460] Heap_lock - owner thread: 0x00000257cc97d280

Heap address: 0x0000000080000000, size: 2048 MB, Compressed Oops mode: 32-bit

CDS archive(s) not mapped
Compressed class space mapped at: 0x0000000100000000-0x0000000140000000, reserved size: 1073741824
Narrow klass base: 0x0000000000000000, Narrow klass shift: 3, Narrow klass range: 0x140000000

GC Precious Log:
 CardTable entry size: 512
 Card Set container configuration: InlinePtr #cards 5 size 8 Array Of Cards #cards 12 size 40 Howl #buckets 4 coarsen threshold 1843 Howl Bitmap #cards 512 size 80 coarsen threshold 460 Card regions per heap region 1 cards per card region 2048
 CPUs: 12 total, 12 available
 Memory: 16027M
 Large Page Support: Disabled
 NUMA Support: Disabled
 Compressed Oops: Enabled (32-bit)
 Heap Region Size: 1M
 Heap Min Capacity: 8M
 Heap Initial Capacity: 252M
 Heap Max Capacity: 2G
 Pre-touch: Disabled
 Parallel Workers: 10
 Concurrent Workers: 3
 Concurrent Refinement Workers: 10
 Periodic GC: Disabled

Heap:
 garbage-first heap   total 116736K, used 82896K [0x0000000080000000, 0x0000000100000000)
  region size 1024K, 4 young (4096K), 4 survivors (4096K)
 Metaspace       used 57665K, committed 59200K, reserved 1114112K
  class space    used 7880K, committed 8640K, reserved 1048576K

Heap Regions: E=young(eden), S=young(survivor), O=old, HS=humongous(starts), HC=humongous(continues), CS=collection set, F=free, TAMS=top-at-mark-start, PB=parsable bottom
|   0|0x0000000080000000, 0x0000000080100000, 0x0000000080100000|100%| O|  |TAMS 0x0000000080000000| PB 0x0000000080000000| Untracked 
|   1|0x0000000080100000, 0x0000000080200000, 0x0000000080200000|100%|HS|  |TAMS 0x0000000080100000| PB 0x0000000080100000| Complete 
|   2|0x0000000080200000, 0x0000000080300000, 0x0000000080300000|100%|HC|  |TAMS 0x0000000080200000| PB 0x0000000080200000| Complete 
|   3|0x0000000080300000, 0x0000000080400000, 0x0000000080400000|100%|HC|  |TAMS 0x0000000080300000| PB 0x0000000080300000| Complete 
|   4|0x0000000080400000, 0x0000000080500000, 0x0000000080500000|100%| O|  |TAMS 0x0000000080400000| PB 0x0000000080400000| Untracked 
|   5|0x0000000080500000, 0x0000000080600000, 0x0000000080600000|100%| O|  |TAMS 0x0000000080500000| PB 0x0000000080500000| Untracked 
|   6|0x0000000080600000, 0x0000000080700000, 0x0000000080700000|100%|HS|  |TAMS 0x0000000080600000| PB 0x0000000080600000| Complete 
|   7|0x0000000080700000, 0x0000000080800000, 0x0000000080800000|100%| O|  |TAMS 0x0000000080700000| PB 0x0000000080700000| Untracked 
|   8|0x0000000080800000, 0x0000000080900000, 0x0000000080900000|100%| O|  |TAMS 0x0000000080800000| PB 0x0000000080800000| Untracked 
|   9|0x0000000080900000, 0x0000000080a00000, 0x0000000080a00000|100%| O|  |TAMS 0x0000000080900000| PB 0x0000000080900000| Untracked 
|  10|0x0000000080a00000, 0x0000000080b00000, 0x0000000080b00000|100%| O|  |TAMS 0x0000000080a00000| PB 0x0000000080a00000| Untracked 
|  11|0x0000000080b00000, 0x0000000080c00000, 0x0000000080c00000|100%| O|  |TAMS 0x0000000080b00000| PB 0x0000000080b00000| Untracked 
|  12|0x0000000080c00000, 0x0000000080d00000, 0x0000000080d00000|100%| O|  |TAMS 0x0000000080c00000| PB 0x0000000080c00000| Untracked 
|  13|0x0000000080d00000, 0x0000000080e00000, 0x0000000080e00000|100%| O|  |TAMS 0x0000000080d00000| PB 0x0000000080d00000| Untracked 
|  14|0x0000000080e00000, 0x0000000080f00000, 0x0000000080f00000|100%| O|  |TAMS 0x0000000080e00000| PB 0x0000000080e00000| Untracked 
|  15|0x0000000080f00000, 0x0000000081000000, 0x0000000081000000|100%| O|  |TAMS 0x0000000080f00000| PB 0x0000000080f00000| Untracked 
|  16|0x0000000081000000, 0x0000000081100000, 0x0000000081100000|100%| O|  |TAMS 0x0000000081000000| PB 0x0000000081000000| Untracked 
|  17|0x0000000081100000, 0x0000000081200000, 0x0000000081200000|100%| O|  |TAMS 0x0000000081100000| PB 0x0000000081100000| Untracked 
|  18|0x0000000081200000, 0x0000000081300000, 0x0000000081300000|100%| O|  |TAMS 0x0000000081200000| PB 0x0000000081200000| Untracked 
|  19|0x0000000081300000, 0x0000000081400000, 0x0000000081400000|100%| O|  |TAMS 0x0000000081300000| PB 0x0000000081300000| Untracked 
|  20|0x0000000081400000, 0x0000000081400000, 0x0000000081500000|  0%| F|  |TAMS 0x0000000081400000| PB 0x0000000081400000| Untracked 
|  21|0x0000000081500000, 0x0000000081600000, 0x0000000081600000|100%| O|  |TAMS 0x0000000081500000| PB 0x0000000081500000| Untracked 
|  22|0x0000000081600000, 0x0000000081700000, 0x0000000081700000|100%|HS|  |TAMS 0x0000000081600000| PB 0x0000000081600000| Complete 
|  23|0x0000000081700000, 0x0000000081800000, 0x0000000081800000|100%|HC|  |TAMS 0x0000000081700000| PB 0x0000000081700000| Complete 
|  24|0x0000000081800000, 0x0000000081900000, 0x0000000081900000|100%|HC|  |TAMS 0x0000000081800000| PB 0x0000000081800000| Complete 
|  25|0x0000000081900000, 0x0000000081a00000, 0x0000000081a00000|100%|HC|  |TAMS 0x0000000081900000| PB 0x0000000081900000| Complete 
|  26|0x0000000081a00000, 0x0000000081b00000, 0x0000000081b00000|100%|HC|  |TAMS 0x0000000081a00000| PB 0x0000000081a00000| Complete 
|  27|0x0000000081b00000, 0x0000000081c00000, 0x0000000081c00000|100%|HC|  |TAMS 0x0000000081b00000| PB 0x0000000081b00000| Complete 
|  28|0x0000000081c00000, 0x0000000081d00000, 0x0000000081d00000|100%|HS|  |TAMS 0x0000000081c00000| PB 0x0000000081c00000| Complete 
|  29|0x0000000081d00000, 0x0000000081e00000, 0x0000000081e00000|100%|HC|  |TAMS 0x0000000081d00000| PB 0x0000000081d00000| Complete 
|  30|0x0000000081e00000, 0x0000000081f00000, 0x0000000081f00000|100%|HC|  |TAMS 0x0000000081e00000| PB 0x0000000081e00000| Complete 
|  31|0x0000000081f00000, 0x0000000082000000, 0x0000000082000000|100%| O|  |TAMS 0x0000000081f00000| PB 0x0000000081f00000| Untracked 
|  32|0x0000000082000000, 0x0000000082100000, 0x0000000082100000|100%|HS|  |TAMS 0x0000000082000000| PB 0x0000000082000000| Complete 
|  33|0x0000000082100000, 0x0000000082200000, 0x0000000082200000|100%|HC|  |TAMS 0x0000000082100000| PB 0x0000000082100000| Complete 
|  34|0x0000000082200000, 0x0000000082300000, 0x0000000082300000|100%|HS|  |TAMS 0x0000000082200000| PB 0x0000000082200000| Complete 
|  35|0x0000000082300000, 0x0000000082400000, 0x0000000082400000|100%| O|  |TAMS 0x0000000082300000| PB 0x0000000082300000| Untracked 
|  36|0x0000000082400000, 0x0000000082500000, 0x0000000082500000|100%| O|  |TAMS 0x0000000082400000| PB 0x0000000082400000| Untracked 
|  37|0x0000000082500000, 0x0000000082600000, 0x0000000082600000|100%| O|  |TAMS 0x0000000082500000| PB 0x0000000082500000| Untracked 
|  38|0x0000000082600000, 0x0000000082700000, 0x0000000082700000|100%| O|  |TAMS 0x0000000082600000| PB 0x0000000082600000| Untracked 
|  39|0x0000000082700000, 0x0000000082800000, 0x0000000082800000|100%| O|  |TAMS 0x0000000082700000| PB 0x0000000082700000| Untracked 
|  40|0x0000000082800000, 0x0000000082900000, 0x0000000082900000|100%| O|  |TAMS 0x0000000082800000| PB 0x0000000082800000| Untracked 
|  41|0x0000000082900000, 0x0000000082a00000, 0x0000000082a00000|100%| O|  |TAMS 0x0000000082900000| PB 0x0000000082900000| Untracked 
|  42|0x0000000082a00000, 0x0000000082b00000, 0x0000000082b00000|100%| O|  |TAMS 0x0000000082a00000| PB 0x0000000082a00000| Untracked 
|  43|0x0000000082b00000, 0x0000000082c00000, 0x0000000082c00000|100%| O|  |TAMS 0x0000000082b00000| PB 0x0000000082b00000| Untracked 
|  44|0x0000000082c00000, 0x0000000082d00000, 0x0000000082d00000|100%| O|  |TAMS 0x0000000082c00000| PB 0x0000000082c00000| Untracked 
|  45|0x0000000082d00000, 0x0000000082e00000, 0x0000000082e00000|100%|HS|  |TAMS 0x0000000082d00000| PB 0x0000000082d00000| Complete 
|  46|0x0000000082e00000, 0x0000000082f00000, 0x0000000082f00000|100%|HC|  |TAMS 0x0000000082e00000| PB 0x0000000082e00000| Complete 
|  47|0x0000000082f00000, 0x0000000083000000, 0x0000000083000000|100%| O|  |TAMS 0x0000000082f00000| PB 0x0000000082f00000| Untracked 
|  48|0x0000000083000000, 0x0000000083100000, 0x0000000083100000|100%| O|  |TAMS 0x0000000083000000| PB 0x0000000083000000| Untracked 
|  49|0x0000000083100000, 0x0000000083200000, 0x0000000083200000|100%| O|  |TAMS 0x0000000083100000| PB 0x0000000083100000| Untracked 
|  50|0x0000000083200000, 0x0000000083300000, 0x0000000083300000|100%| O|  |TAMS 0x0000000083200000| PB 0x0000000083200000| Untracked 
|  51|0x0000000083300000, 0x0000000083400000, 0x0000000083400000|100%| O|  |TAMS 0x0000000083300000| PB 0x0000000083300000| Untracked 
|  52|0x0000000083400000, 0x0000000083500000, 0x0000000083500000|100%| O|  |TAMS 0x0000000083400000| PB 0x0000000083400000| Untracked 
|  53|0x0000000083500000, 0x0000000083600000, 0x0000000083600000|100%| O|  |TAMS 0x0000000083500000| PB 0x0000000083500000| Untracked 
|  54|0x0000000083600000, 0x0000000083700000, 0x0000000083700000|100%| O|  |TAMS 0x0000000083600000| PB 0x0000000083600000| Untracked 
|  55|0x0000000083700000, 0x0000000083800000, 0x0000000083800000|100%| O|  |TAMS 0x0000000083700000| PB 0x0000000083700000| Untracked 
|  56|0x0000000083800000, 0x0000000083800000, 0x0000000083900000|  0%| F|  |TAMS 0x0000000083800000| PB 0x0000000083800000| Untracked 
|  57|0x0000000083900000, 0x0000000083900000, 0x0000000083a00000|  0%| F|  |TAMS 0x0000000083900000| PB 0x0000000083900000| Untracked 
|  58|0x0000000083a00000, 0x0000000083a00000, 0x0000000083b00000|  0%| F|  |TAMS 0x0000000083a00000| PB 0x0000000083a00000| Untracked 
|  59|0x0000000083b00000, 0x0000000083b00000, 0x0000000083c00000|  0%| F|  |TAMS 0x0000000083b00000| PB 0x0000000083b00000| Untracked 
|  60|0x0000000083c00000, 0x0000000083c00000, 0x0000000083d00000|  0%| F|  |TAMS 0x0000000083c00000| PB 0x0000000083c00000| Untracked 
|  61|0x0000000083d00000, 0x0000000083d00000, 0x0000000083e00000|  0%| F|  |TAMS 0x0000000083d00000| PB 0x0000000083d00000| Untracked 
|  62|0x0000000083e00000, 0x0000000083f00000, 0x0000000083f00000|100%|HS|  |TAMS 0x0000000083e00000| PB 0x0000000083e00000| Complete 
|  63|0x0000000083f00000, 0x0000000084000000, 0x0000000084000000|100%|HS|  |TAMS 0x0000000083f00000| PB 0x0000000083f00000| Complete 
|  64|0x0000000084000000, 0x0000000084100000, 0x0000000084100000|100%| O|  |TAMS 0x0000000084000000| PB 0x0000000084000000| Untracked 
|  65|0x0000000084100000, 0x0000000084200000, 0x0000000084200000|100%| O|  |TAMS 0x0000000084100000| PB 0x0000000084100000| Untracked 
|  66|0x0000000084200000, 0x0000000084300000, 0x0000000084300000|100%| O|  |TAMS 0x0000000084200000| PB 0x0000000084200000| Untracked 
|  67|0x0000000084300000, 0x0000000084400000, 0x0000000084400000|100%| O|  |TAMS 0x0000000084300000| PB 0x0000000084300000| Untracked 
|  68|0x0000000084400000, 0x0000000084500000, 0x0000000084500000|100%| O|  |TAMS 0x0000000084400000| PB 0x0000000084400000| Untracked 
|  69|0x0000000084500000, 0x0000000084600000, 0x0000000084600000|100%| O|  |TAMS 0x0000000084500000| PB 0x0000000084500000| Untracked 
|  70|0x0000000084600000, 0x0000000084700000, 0x0000000084700000|100%| O|  |TAMS 0x0000000084600000| PB 0x0000000084600000| Untracked 
|  71|0x0000000084700000, 0x0000000084800000, 0x0000000084800000|100%| O|  |TAMS 0x0000000084700000| PB 0x0000000084700000| Untracked 
|  72|0x0000000084800000, 0x0000000084900000, 0x0000000084900000|100%| O|  |TAMS 0x0000000084800000| PB 0x0000000084800000| Untracked 
|  73|0x0000000084900000, 0x0000000084a00000, 0x0000000084a00000|100%| O|  |TAMS 0x0000000084900000| PB 0x0000000084900000| Untracked 
|  74|0x0000000084a00000, 0x0000000084b00000, 0x0000000084b00000|100%| O|  |TAMS 0x0000000084a00000| PB 0x0000000084a00000| Untracked 
|  75|0x0000000084b00000, 0x0000000084c00000, 0x0000000084c00000|100%| S|CS|TAMS 0x0000000084b00000| PB 0x0000000084b00000| Complete 
|  76|0x0000000084c00000, 0x0000000084d00000, 0x0000000084d00000|100%| S|CS|TAMS 0x0000000084c00000| PB 0x0000000084c00000| Complete 
|  77|0x0000000084d00000, 0x0000000084e00000, 0x0000000084e00000|100%| S|CS|TAMS 0x0000000084d00000| PB 0x0000000084d00000| Complete 
|  78|0x0000000084e00000, 0x0000000084f00000, 0x0000000084f00000|100%| S|CS|TAMS 0x0000000084e00000| PB 0x0000000084e00000| Complete 
|  79|0x0000000084f00000, 0x0000000084f00000, 0x0000000085000000|  0%| F|  |TAMS 0x0000000084f00000| PB 0x0000000084f00000| Untracked 
|  80|0x0000000085000000, 0x0000000085000000, 0x0000000085100000|  0%| F|  |TAMS 0x0000000085000000| PB 0x0000000085000000| Untracked 
|  81|0x0000000085100000, 0x0000000085100000, 0x0000000085200000|  0%| F|  |TAMS 0x0000000085100000| PB 0x0000000085100000| Untracked 
|  82|0x0000000085200000, 0x0000000085200000, 0x0000000085300000|  0%| F|  |TAMS 0x0000000085200000| PB 0x0000000085200000| Untracked 
|  83|0x0000000085300000, 0x0000000085300000, 0x0000000085400000|  0%| F|  |TAMS 0x0000000085300000| PB 0x0000000085300000| Untracked 
|  84|0x0000000085400000, 0x0000000085400000, 0x0000000085500000|  0%| F|  |TAMS 0x0000000085400000| PB 0x0000000085400000| Untracked 
|  85|0x0000000085500000, 0x0000000085500000, 0x0000000085600000|  0%| F|  |TAMS 0x0000000085500000| PB 0x0000000085500000| Untracked 
|  86|0x0000000085600000, 0x0000000085600000, 0x0000000085700000|  0%| F|  |TAMS 0x0000000085600000| PB 0x0000000085600000| Untracked 
|  87|0x0000000085700000, 0x0000000085700000, 0x0000000085800000|  0%| F|  |TAMS 0x0000000085700000| PB 0x0000000085700000| Untracked 
|  88|0x0000000085800000, 0x0000000085800000, 0x0000000085900000|  0%| F|  |TAMS 0x0000000085800000| PB 0x0000000085800000| Untracked 
|  89|0x0000000085900000, 0x0000000085900000, 0x0000000085a00000|  0%| F|  |TAMS 0x0000000085900000| PB 0x0000000085900000| Untracked 
|  90|0x0000000085a00000, 0x0000000085a00000, 0x0000000085b00000|  0%| F|  |TAMS 0x0000000085a00000| PB 0x0000000085a00000| Untracked 
|  91|0x0000000085b00000, 0x0000000085b00000, 0x0000000085c00000|  0%| F|  |TAMS 0x0000000085b00000| PB 0x0000000085b00000| Untracked 
| 215|0x000000008d700000, 0x000000008d700000, 0x000000008d800000|  0%| F|  |TAMS 0x000000008d700000| PB 0x000000008d700000| Untracked 
| 216|0x000000008d800000, 0x000000008d800000, 0x000000008d900000|  0%| F|  |TAMS 0x000000008d800000| PB 0x000000008d800000| Untracked 
| 217|0x000000008d900000, 0x000000008d900000, 0x000000008da00000|  0%| F|  |TAMS 0x000000008d900000| PB 0x000000008d900000| Untracked 
| 218|0x000000008da00000, 0x000000008da00000, 0x000000008db00000|  0%| F|  |TAMS 0x000000008da00000| PB 0x000000008da00000| Untracked 
| 219|0x000000008db00000, 0x000000008db00000, 0x000000008dc00000|  0%| F|  |TAMS 0x000000008db00000| PB 0x000000008db00000| Untracked 
| 220|0x000000008dc00000, 0x000000008dc00000, 0x000000008dd00000|  0%| F|  |TAMS 0x000000008dc00000| PB 0x000000008dc00000| Untracked 
| 221|0x000000008dd00000, 0x000000008dd00000, 0x000000008de00000|  0%| F|  |TAMS 0x000000008dd00000| PB 0x000000008dd00000| Untracked 
| 222|0x000000008de00000, 0x000000008de00000, 0x000000008df00000|  0%| F|  |TAMS 0x000000008de00000| PB 0x000000008de00000| Untracked 
| 223|0x000000008df00000, 0x000000008df00000, 0x000000008e000000|  0%| F|  |TAMS 0x000000008df00000| PB 0x000000008df00000| Untracked 
| 224|0x000000008e000000, 0x000000008e000000, 0x000000008e100000|  0%| F|  |TAMS 0x000000008e000000| PB 0x000000008e000000| Untracked 
| 225|0x000000008e100000, 0x000000008e100000, 0x000000008e200000|  0%| F|  |TAMS 0x000000008e100000| PB 0x000000008e100000| Untracked 
| 251|0x000000008fb00000, 0x000000008fb00000, 0x000000008fc00000|  0%| F|  |TAMS 0x000000008fb00000| PB 0x000000008fb00000| Untracked 
|2038|0x00000000ff600000, 0x00000000ff6f43f8, 0x00000000ff700000| 95%| O|  |TAMS 0x00000000ff600000| PB 0x00000000ff600000| Untracked 
|2039|0x00000000ff700000, 0x00000000ff800000, 0x00000000ff800000|100%| O|  |TAMS 0x00000000ff700000| PB 0x00000000ff700000| Untracked 
|2040|0x00000000ff800000, 0x00000000ff900000, 0x00000000ff900000|100%| O|  |TAMS 0x00000000ff800000| PB 0x00000000ff800000| Untracked 
|2041|0x00000000ff900000, 0x00000000ffa00000, 0x00000000ffa00000|100%| O|  |TAMS 0x00000000ff900000| PB 0x00000000ff900000| Untracked 
|2042|0x00000000ffa00000, 0x00000000ffb00000, 0x00000000ffb00000|100%| O|  |TAMS 0x00000000ffa00000| PB 0x00000000ffa00000| Untracked 
|2043|0x00000000ffb00000, 0x00000000ffc00000, 0x00000000ffc00000|100%| O|  |TAMS 0x00000000ffb00000| PB 0x00000000ffb00000| Untracked 
|2044|0x00000000ffc00000, 0x00000000ffd00000, 0x00000000ffd00000|100%| O|  |TAMS 0x00000000ffc00000| PB 0x00000000ffc00000| Untracked 
|2045|0x00000000ffd00000, 0x00000000ffe00000, 0x00000000ffe00000|100%| O|  |TAMS 0x00000000ffd00000| PB 0x00000000ffd00000| Untracked 
|2046|0x00000000ffe00000, 0x00000000ffe00000, 0x00000000fff00000|  0%| F|  |TAMS 0x00000000ffe00000| PB 0x00000000ffe00000| Untracked 
|2047|0x00000000fff00000, 0x0000000100000000, 0x0000000100000000|100%| O|  |TAMS 0x00000000fff00000| PB 0x00000000fff00000| Untracked 

Card table byte_map: [0x00000257c6c50000,0x00000257c7050000] _byte_map_base: 0x00000257c6850000

Marking Bits: (CMBitMap*) 0x00000257b3aa7d00
 Bits: [0x00000257c7050000, 0x00000257c9050000)

Polling page: 0x00000257b21a0000

Metaspace:

Usage:
  Non-class:     48.62 MB used.
      Class:      7.70 MB used.
       Both:     56.31 MB used.

Virtual space:
  Non-class space:       64.00 MB reserved,      49.38 MB ( 77%) committed,  1 nodes.
      Class space:        1.00 GB reserved,       8.44 MB ( <1%) committed,  1 nodes.
             Both:        1.06 GB reserved,      57.81 MB (  5%) committed. 

Chunk freelists:
   Non-Class:  13.83 MB
       Class:  7.39 MB
        Both:  21.22 MB

MaxMetaspaceSize: unlimited
CompressedClassSpaceSize: 1.00 GB
Initial GC threshold: 21.00 MB
Current GC threshold: 94.00 MB
CDS: off
 - commit_granule_bytes: 65536.
 - commit_granule_words: 8192.
 - virtual_space_node_default_size: 8388608.
 - enlarge_chunks_in_place: 1.
 - use_allocation_guard: 0.


Internal statistics:

num_allocs_failed_limit: 3.
num_arena_births: 2766.
num_arena_deaths: 0.
num_vsnodes_births: 2.
num_vsnodes_deaths: 0.
num_space_committed: 925.
num_space_uncommitted: 0.
num_chunks_returned_to_freelist: 3.
num_chunks_taken_from_freelist: 5115.
num_chunk_merges: 3.
num_chunk_splits: 3233.
num_chunks_enlarged: 1942.
num_inconsistent_stats: 0.

CodeHeap 'non-profiled nmethods': size=120000Kb used=3057Kb max_used=3067Kb free=116942Kb
 bounds [0x00000257be6a0000, 0x00000257be9a0000, 0x00000257c5bd0000]
CodeHeap 'profiled nmethods': size=120000Kb used=9689Kb max_used=9689Kb free=110310Kb
 bounds [0x00000257b6bd0000, 0x00000257b7550000, 0x00000257be100000]
CodeHeap 'non-nmethods': size=5760Kb used=2704Kb max_used=2738Kb free=3055Kb
 bounds [0x00000257be100000, 0x00000257be3c0000, 0x00000257be6a0000]
 total_blobs=6026 nmethods=5168 adapters=761
 compilation: enabled
              stopped_count=0, restarted_count=0
 full_count=0

Compilation events (20 events):
Event: 8.092 Thread 0x00000257cbe0c820 5769       2       sun.nio.ch.Util$BufferCache::next (8 bytes)
Event: 8.092 Thread 0x00000257cbe0c820 nmethod 5769 0x00000257b7536290 code [0x00000257b7536420, 0x00000257b7536550]
Event: 8.094 Thread 0x00000257cbe0c820 5770       2       java.nio.MappedByteBuffer::rewind (7 bytes)
Event: 8.094 Thread 0x00000257cbe0c820 nmethod 5770 0x00000257b7536610 code [0x00000257b75367a0, 0x00000257b75368b8]
Event: 8.094 Thread 0x00000257cbe0c820 5771       2       java.nio.Buffer::rewind (12 bytes)
Event: 8.095 Thread 0x00000257cbe0c820 nmethod 5771 0x00000257b7536990 code [0x00000257b7536b20, 0x00000257b7536c38]
Event: 8.095 Thread 0x00000257cbe0c820 5772       2       java.nio.MappedByteBuffer::rewind (5 bytes)
Event: 8.095 Thread 0x00000257cbe0c820 nmethod 5772 0x00000257b7536d10 code [0x00000257b7536ea0, 0x00000257b7536fb8]
Event: 8.099 Thread 0x00000257cbe0c820 5773       3       java.util.zip.ZipUtils::CENATX_PERMS (9 bytes)
Event: 8.099 Thread 0x00000257cbe0c820 nmethod 5773 0x00000257b7537090 code [0x00000257b7537240, 0x00000257b75373e8]
Event: 8.101 Thread 0x00000257cbe0c820 5774 %     3       com.google.common.collect.MapMakerInternalMap$Segment::expand @ 56 (276 bytes)
Event: 8.105 Thread 0x00000257cbe0c820 nmethod 5774% 0x00000257b7537510 code [0x00000257b7537d40, 0x00000257b753ce38]
Event: 8.105 Thread 0x00000257cbe0c820 5776 %     3       com.google.common.collect.MapMakerInternalMap$Segment::expand @ 128 (276 bytes)
Event: 8.111 Thread 0x00000257cbe0c820 nmethod 5776% 0x00000257b753ed90 code [0x00000257b753f5c0, 0x00000257b7544878]
Event: 8.140 Thread 0x00000257cbe0c820 5779       2       java.util.concurrent.ConcurrentHashMap$BaseIterator::<init> (21 bytes)
Event: 8.140 Thread 0x00000257cbe0c820 nmethod 5779 0x00000257b7546810 code [0x00000257b75469c0, 0x00000257b7546b68]
Event: 8.141 Thread 0x00000257cbe0c820 5781       2       java.nio.StringCharBuffer::get (19 bytes)
Event: 8.141 Thread 0x00000257cbe0c820 nmethod 5781 0x00000257b7546c90 code [0x00000257b7546e40, 0x00000257b7547008]
Event: 8.141 Thread 0x00000257cbe0c820 5782       2       java.nio.HeapByteBuffer::put (16 bytes)
Event: 8.142 Thread 0x00000257cbe0c820 nmethod 5782 0x00000257b7547110 code [0x00000257b75472c0, 0x00000257b7547488]

GC Heap History (20 events):
Event: 2.771 GC heap after
{Heap after GC invocations=4 (full 0):
 garbage-first heap   total 258048K, used 21009K [0x0000000080000000, 0x0000000100000000)
  region size 1024K, 11 young (11264K), 11 survivors (11264K)
 Metaspace       used 21139K, committed 21504K, reserved 1114112K
  class space    used 2417K, committed 2624K, reserved 1048576K
}
Event: 3.197 GC heap before
{Heap before GC invocations=5 (full 0):
 garbage-first heap   total 71680K, used 51729K [0x0000000080000000, 0x0000000100000000)
  region size 1024K, 42 young (43008K), 11 survivors (11264K)
 Metaspace       used 26977K, committed 27520K, reserved 1114112K
  class space    used 3301K, committed 3520K, reserved 1048576K
}
Event: 3.203 GC heap after
{Heap after GC invocations=6 (full 0):
 garbage-first heap   total 71680K, used 22758K [0x0000000080000000, 0x0000000100000000)
  region size 1024K, 3 young (3072K), 3 survivors (3072K)
 Metaspace       used 26977K, committed 27520K, reserved 1114112K
  class space    used 3301K, committed 3520K, reserved 1048576K
}
Event: 3.626 GC heap before
{Heap before GC invocations=6 (full 0):
 garbage-first heap   total 71680K, used 56550K [0x0000000080000000, 0x0000000100000000)
  region size 1024K, 36 young (36864K), 3 survivors (3072K)
 Metaspace       used 31487K, committed 32128K, reserved 1114112K
  class space    used 4086K, committed 4352K, reserved 1048576K
}
Event: 3.630 GC heap after
{Heap after GC invocations=7 (full 0):
 garbage-first heap   total 71680K, used 25270K [0x0000000080000000, 0x0000000100000000)
  region size 1024K, 5 young (5120K), 5 survivors (5120K)
 Metaspace       used 31487K, committed 32128K, reserved 1114112K
  class space    used 4086K, committed 4352K, reserved 1048576K
}
Event: 3.887 GC heap before
{Heap before GC invocations=7 (full 0):
 garbage-first heap   total 71680K, used 59062K [0x0000000080000000, 0x0000000100000000)
  region size 1024K, 31 young (31744K), 5 survivors (5120K)
 Metaspace       used 34941K, committed 35840K, reserved 1114112K
  class space    used 4695K, committed 5120K, reserved 1048576K
}
Event: 3.891 GC heap after
{Heap after GC invocations=8 (full 0):
 garbage-first heap   total 71680K, used 37449K [0x0000000080000000, 0x0000000100000000)
  region size 1024K, 5 young (5120K), 5 survivors (5120K)
 Metaspace       used 34941K, committed 35840K, reserved 1114112K
  class space    used 4695K, committed 5120K, reserved 1048576K
}
Event: 4.231 GC heap before
{Heap before GC invocations=9 (full 0):
 garbage-first heap   total 71680K, used 65097K [0x0000000080000000, 0x0000000100000000)
  region size 1024K, 29 young (29696K), 5 survivors (5120K)
 Metaspace       used 37911K, committed 38912K, reserved 1114112K
  class space    used 5139K, committed 5632K, reserved 1048576K
}
Event: 4.235 GC heap after
{Heap after GC invocations=10 (full 0):
 garbage-first heap   total 73728K, used 43810K [0x0000000080000000, 0x0000000100000000)
  region size 1024K, 3 young (3072K), 3 survivors (3072K)
 Metaspace       used 37911K, committed 38912K, reserved 1114112K
  class space    used 5139K, committed 5632K, reserved 1048576K
}
Event: 4.409 GC heap before
{Heap before GC invocations=10 (full 0):
 garbage-first heap   total 73728K, used 65314K [0x0000000080000000, 0x0000000100000000)
  region size 1024K, 24 young (24576K), 3 survivors (3072K)
 Metaspace       used 40456K, committed 41600K, reserved 1114112K
  class space    used 5568K, committed 6144K, reserved 1048576K
}
Event: 4.413 GC heap after
{Heap after GC invocations=11 (full 0):
 garbage-first heap   total 108544K, used 44951K [0x0000000080000000, 0x0000000100000000)
  region size 1024K, 2 young (2048K), 2 survivors (2048K)
 Metaspace       used 40456K, committed 41600K, reserved 1114112K
  class space    used 5568K, committed 6144K, reserved 1048576K
}
Event: 4.934 GC heap before
{Heap before GC invocations=11 (full 0):
 garbage-first heap   total 108544K, used 85911K [0x0000000080000000, 0x0000000100000000)
  region size 1024K, 43 young (44032K), 2 survivors (2048K)
 Metaspace       used 48654K, committed 49920K, reserved 1114112K
  class space    used 6601K, committed 7232K, reserved 1048576K
}
Event: 4.939 GC heap after
{Heap after GC invocations=12 (full 0):
 garbage-first heap   total 108544K, used 48625K [0x0000000080000000, 0x0000000100000000)
  region size 1024K, 5 young (5120K), 5 survivors (5120K)
 Metaspace       used 48654K, committed 49920K, reserved 1114112K
  class space    used 6601K, committed 7232K, reserved 1048576K
}
Event: 5.317 GC heap before
{Heap before GC invocations=12 (full 0):
 garbage-first heap   total 108544K, used 93681K [0x0000000080000000, 0x0000000100000000)
  region size 1024K, 45 young (46080K), 5 survivors (5120K)
 Metaspace       used 51795K, committed 53248K, reserved 1114112K
  class space    used 6912K, committed 7616K, reserved 1048576K
}
Event: 5.323 GC heap after
{Heap after GC invocations=13 (full 0):
 garbage-first heap   total 108544K, used 52628K [0x0000000080000000, 0x0000000100000000)
  region size 1024K, 4 young (4096K), 4 survivors (4096K)
 Metaspace       used 51795K, committed 53248K, reserved 1114112K
  class space    used 6912K, committed 7616K, reserved 1048576K
}
Event: 7.240 GC heap before
{Heap before GC invocations=13 (full 0):
 garbage-first heap   total 108544K, used 89492K [0x0000000080000000, 0x0000000100000000)
  region size 1024K, 41 young (41984K), 4 survivors (4096K)
 Metaspace       used 56182K, committed 57728K, reserved 1114112K
  class space    used 7648K, committed 8448K, reserved 1048576K
}
Event: 7.251 GC heap after
{Heap after GC invocations=14 (full 0):
 garbage-first heap   total 108544K, used 54523K [0x0000000080000000, 0x0000000100000000)
  region size 1024K, 3 young (3072K), 3 survivors (3072K)
 Metaspace       used 56182K, committed 57728K, reserved 1114112K
  class space    used 7648K, committed 8448K, reserved 1048576K
}
Event: 8.017 GC heap before
{Heap before GC invocations=15 (full 0):
 garbage-first heap   total 108544K, used 95483K [0x0000000080000000, 0x0000000100000000)
  region size 1024K, 42 young (43008K), 3 survivors (3072K)
 Metaspace       used 57095K, committed 58688K, reserved 1114112K
  class space    used 7801K, committed 8576K, reserved 1048576K
}
Event: 8.029 GC heap after
{Heap after GC invocations=16 (full 0):
 garbage-first heap   total 112640K, used 69632K [0x0000000080000000, 0x0000000100000000)
  region size 1024K, 6 young (6144K), 6 survivors (6144K)
 Metaspace       used 57095K, committed 58688K, reserved 1114112K
  class space    used 7801K, committed 8576K, reserved 1048576K
}
Event: 8.150 GC heap before
{Heap before GC invocations=16 (full 0):
 garbage-first heap   total 112640K, used 96256K [0x0000000080000000, 0x0000000100000000)
  region size 1024K, 31 young (31744K), 6 survivors (6144K)
 Metaspace       used 57665K, committed 59200K, reserved 1114112K
  class space    used 7880K, committed 8640K, reserved 1048576K
}

Dll operation events (3 events):
Event: 0.016 Loaded shared library D:\android-studio-2024.2.1.11\jbr\bin\java.dll
Event: 0.024 Loaded shared library D:\android-studio-2024.2.1.11\jbr\bin\zip.dll
Event: 1.197 Loaded shared library D:\android-studio-2024.2.1.11\jbr\bin\verify.dll

Deoptimization events (20 events):
Event: 7.977 Thread 0x00000257cc97d280 DEOPT PACKING pc=0x00000257be81c8f4 sp=0x000000c1e68fac70
Event: 7.977 Thread 0x00000257cc97d280 DEOPT UNPACKING pc=0x00000257be1546a2 sp=0x000000c1e68fabf8 mode 2
Event: 7.986 Thread 0x00000257cc981ab0 DEOPT PACKING pc=0x00000257b70c8416 sp=0x000000c1e6efa110
Event: 7.986 Thread 0x00000257cc981ab0 DEOPT UNPACKING pc=0x00000257be154e42 sp=0x000000c1e6ef9658 mode 0
Event: 7.990 Thread 0x00000257cc97d280 Uncommon trap: trap_request=0xffffff45 fr.pc=0x00000257be818004 relative=0x00000000000007c4
Event: 7.991 Thread 0x00000257cc97d280 Uncommon trap: reason=unstable_if action=reinterpret pc=0x00000257be818004 method=com.google.common.collect.HashBiMap.seekByValue(Ljava/lang/Object;I)Lcom/google/common/collect/HashBiMap$BiEntry; @ 21 c2
Event: 7.991 Thread 0x00000257cc97d280 DEOPT PACKING pc=0x00000257be818004 sp=0x000000c1e68fa7a0
Event: 7.991 Thread 0x00000257cc97d280 DEOPT UNPACKING pc=0x00000257be1546a2 sp=0x000000c1e68fa6c8 mode 2
Event: 8.059 Thread 0x00000257cc981ab0 Uncommon trap: trap_request=0xffffff45 fr.pc=0x00000257be76e7bc relative=0x0000000000000c9c
Event: 8.059 Thread 0x00000257cc981ab0 Uncommon trap: reason=unstable_if action=reinterpret pc=0x00000257be76e7bc method=java.util.zip.ZipFile.getZipEntry(Ljava/lang/String;I)Ljava/util/zip/ZipEntry; @ 46 c2
Event: 8.059 Thread 0x00000257cc981ab0 DEOPT PACKING pc=0x00000257be76e7bc sp=0x000000c1e6efad90
Event: 8.059 Thread 0x00000257cc981ab0 DEOPT UNPACKING pc=0x00000257be1546a2 sp=0x000000c1e6efad58 mode 2
Event: 8.081 Thread 0x00000257cc97d280 Uncommon trap: trap_request=0xffffff45 fr.pc=0x00000257be81e3d8 relative=0x0000000000001538
Event: 8.081 Thread 0x00000257cc97d280 Uncommon trap: reason=unstable_if action=reinterpret pc=0x00000257be81e3d8 method=com.google.common.collect.MapMakerInternalMap$Segment.getEntry(Ljava/lang/Object;I)Lcom/google/common/collect/MapMakerInternalMap$InternalEntry; @ 63 c2
Event: 8.081 Thread 0x00000257cc97d280 DEOPT PACKING pc=0x00000257be81e3d8 sp=0x000000c1e68faf40
Event: 8.081 Thread 0x00000257cc97d280 DEOPT UNPACKING pc=0x00000257be1546a2 sp=0x000000c1e68fad78 mode 2
Event: 8.140 Thread 0x00000257cc981ab0 Uncommon trap: trap_request=0xffffff45 fr.pc=0x00000257be7a3630 relative=0x0000000000000190
Event: 8.140 Thread 0x00000257cc981ab0 Uncommon trap: reason=unstable_if action=reinterpret pc=0x00000257be7a3630 method=java.util.zip.CRC32.updateBytesCheck([BII)V @ 1 c2
Event: 8.140 Thread 0x00000257cc981ab0 DEOPT PACKING pc=0x00000257be7a3630 sp=0x000000c1e6efa8e0
Event: 8.140 Thread 0x00000257cc981ab0 DEOPT UNPACKING pc=0x00000257be1546a2 sp=0x000000c1e6efa7d0 mode 2

Classes loaded (20 events):
Event: 8.001 Loading class sun/nio/fs/WindowsException
Event: 8.001 Loading class sun/nio/fs/WindowsException done
Event: 8.016 Loading class sun/nio/ch/ChannelOutputStream
Event: 8.016 Loading class sun/nio/ch/ChannelOutputStream done
Event: 8.029 Loading class java/nio/charset/UnsupportedCharsetException
Event: 8.029 Loading class java/nio/charset/UnsupportedCharsetException done
Event: 8.032 Loading class java/util/Collections$UnmodifiableSortedMap
Event: 8.033 Loading class java/util/Collections$UnmodifiableSortedMap done
Event: 8.034 Loading class java/util/zip/Deflater
Event: 8.035 Loading class java/util/zip/Deflater done
Event: 8.040 Loading class java/util/zip/Deflater$DeflaterZStreamRef
Event: 8.040 Loading class java/util/zip/Deflater$DeflaterZStreamRef done
Event: 8.056 Loading class java/util/zip/ZipFile$ZipEntryIterator
Event: 8.056 Loading class java/util/zip/ZipFile$ZipEntryIterator done
Event: 8.063 Loading class java/util/zip/ZipInputStream
Event: 8.063 Loading class java/util/zip/ZipInputStream done
Event: 8.120 Loading class java/nio/StringCharBuffer
Event: 8.121 Loading class java/nio/StringCharBuffer done
Event: 8.147 Loading class java/security/Key
Event: 8.147 Loading class java/security/Key done

Classes unloaded (0 events):
No events

Classes redefined (0 events):
No events

Internal exceptions (20 events):
Event: 7.308 Thread 0x00000257d2424c20 Exception <a 'java/lang/ClassNotFoundException'{0x000000008fb4d378}: sun/misc/SharedSecrets> (0x000000008fb4d378) 
thrown [s\src\hotspot\share\classfile\systemDictionary.cpp, line 312]
Event: 7.309 Thread 0x00000257d2424c20 Exception <a 'java/lang/ClassNotFoundException'{0x000000008fb4e6c0}: org/gradle/util/GradleVersionBeanInfo> (0x000000008fb4e6c0) 
thrown [s\src\hotspot\share\classfile\systemDictionary.cpp, line 312]
Event: 7.312 Thread 0x00000257d2424c20 Exception <a 'java/lang/ClassNotFoundException'{0x000000008fb5eb00}: org/gradle/util/GradleVersionCustomizer> (0x000000008fb5eb00) 
thrown [s\src\hotspot\share\classfile\systemDictionary.cpp, line 312]
Event: 7.340 Thread 0x00000257d2424c20 Exception <a 'java/lang/ClassNotFoundException'{0x000000008fba1c78}: org/gradle/util/internal/DefaultGradleVersionBeanInfo> (0x000000008fba1c78) 
thrown [s\src\hotspot\share\classfile\systemDictionary.cpp, line 312]
Event: 7.343 Thread 0x00000257d2424c20 Exception <a 'java/lang/ClassNotFoundException'{0x000000008fbb2860}: org/gradle/util/internal/DefaultGradleVersionCustomizer> (0x000000008fbb2860) 
thrown [s\src\hotspot\share\classfile\systemDictionary.cpp, line 312]
Event: 7.399 Thread 0x00000257d2424c20 Exception <a 'java/lang/ClassNotFoundException'{0x000000008e12ff00}: org/gradle/invocation/DefaultGradle$DefaultGradleLifecycle_DecoratedBeanInfo> (0x000000008e12ff00) 
thrown [s\src\hotspot\share\classfile\systemDictionary.cpp, line 312]
Event: 7.401 Thread 0x00000257d2424c20 Exception <a 'java/lang/ClassNotFoundException'{0x000000008e140c30}: org/gradle/invocation/DefaultGradle$DefaultGradleLifecycleBeanInfo> (0x000000008e140c30) 
thrown [s\src\hotspot\share\classfile\systemDictionary.cpp, line 312]
Event: 7.403 Thread 0x00000257d2424c20 Exception <a 'java/lang/ClassNotFoundException'{0x000000008e1517c8}: org/gradle/invocation/DefaultGradle$DefaultGradleLifecycleCustomizer> (0x000000008e1517c8) 
thrown [s\src\hotspot\share\classfile\systemDictionary.cpp, line 312]
Event: 7.407 Thread 0x00000257d2424c20 Exception <a 'java/lang/ClassNotFoundException'{0x000000008e166a90}: org/gradle/invocation/DefaultGradle$DefaultGradleLifecycle_DecoratedCustomizer> (0x000000008e166a90) 
thrown [s\src\hotspot\share\classfile\systemDictionary.cpp, line 312]
Event: 7.719 Thread 0x00000257d2424c20 Exception <a 'java/lang/ClassNotFoundException'{0x000000008e03c8b0}: ijInit1_4og4458jtc71viyc9tgdq4wesBeanInfo> (0x000000008e03c8b0) 
thrown [s\src\hotspot\share\classfile\systemDictionary.cpp, line 312]
Event: 7.719 Thread 0x00000257d2424c20 Exception <a 'java/lang/ClassNotFoundException'{0x000000008e0433d0}: ijInit1_4og4458jtc71viyc9tgdq4wesCustomizer> (0x000000008e0433d0) 
thrown [s\src\hotspot\share\classfile\systemDictionary.cpp, line 312]
Event: 7.736 Thread 0x00000257d2424c20 Exception <a 'java/lang/ClassNotFoundException'{0x000000008e086200}: ijInit1_4og4458jtc71viyc9tgdq4wes$_run_closure1BeanInfo> (0x000000008e086200) 
thrown [s\src\hotspot\share\classfile\systemDictionary.cpp, line 312]
Event: 7.736 Thread 0x00000257d2424c20 Exception <a 'java/lang/ClassNotFoundException'{0x000000008e08d698}: ijInit1_4og4458jtc71viyc9tgdq4wes$_run_closure1Customizer> (0x000000008e08d698) 
thrown [s\src\hotspot\share\classfile\systemDictionary.cpp, line 312]
Event: 7.819 Thread 0x00000257cc981ab0 Exception <a 'java/lang/IncompatibleClassChangeError'{0x000000008d92b690}: Found class java.lang.Object, but interface was expected> (0x000000008d92b690) 
thrown [s\src\hotspot\share\interpreter\linkResolver.cpp, line 851]
Event: 7.848 Thread 0x00000257cc97d280 Exception <a 'java/lang/NoSuchMethodError'{0x000000008d8e5578}: 'void java.lang.invoke.DirectMethodHandle$Holder.invokeVirtual(java.lang.Object, java.lang.Object)'> (0x000000008d8e5578) 
thrown [s\src\hotspot\share\interpreter\linkResolver.cpp, line 784]
Event: 7.848 Thread 0x00000257cc981ab0 Exception <a 'java/lang/NoSuchMethodError'{0x000000008d8f8d60}: 'void java.lang.invoke.DirectMethodHandle$Holder.invokeVirtual(java.lang.Object, java.lang.Object)'> (0x000000008d8f8d60) 
thrown [s\src\hotspot\share\interpreter\linkResolver.cpp, line 784]
Event: 7.890 Thread 0x00000257cc981ab0 Exception <a 'java/lang/NoSuchMethodError'{0x00000000856681f8}: 'void java.lang.invoke.DirectMethodHandle$Holder.invokeStaticInit(java.lang.Object, java.lang.Object, java.lang.Object, java.lang.Object, java.lang.Object, java.lang.Object, java.lang.Object, int)'> (0x00000000856681f8) 
thrown [s\src\hotspot\share\interpreter\linkResolver.cpp, line 784]
Event: 7.999 Thread 0x00000257cc981ab0 Exception <a 'java/lang/NoSuchMethodError'{0x00000000845bdd10}: 'void java.lang.invoke.DirectMethodHandle$Holder.invokeInterface(java.lang.Object, java.lang.Object, java.lang.Object, java.lang.Object)'> (0x00000000845bdd10) 
thrown [s\src\hotspot\share\interpreter\linkResolver.cpp, line 784]
Event: 8.001 Thread 0x00000257cc981ab0 Exception <a 'sun/nio/fs/WindowsException'{0x00000000845c8238}> (0x00000000845c8238) 
thrown [s\src\hotspot\share\prims\jni.cpp, line 535]
Event: 8.059 Thread 0x00000257cc981ab0 Implicit null exception at 0x00000257be76dbe6 to 0x00000257be76e788

ZGC Phase Switch (0 events):
No events

VM Operations (20 events):
Event: 6.947 Executing VM operation: ICBufferFull done
Event: 7.240 Executing VM operation: G1TryInitiateConcMark (G1 Humongous Allocation)
Event: 7.251 Executing VM operation: G1TryInitiateConcMark (G1 Humongous Allocation) done
Event: 7.293 Executing VM operation: G1PauseRemark
Event: 7.298 Executing VM operation: G1PauseRemark done
Event: 7.322 Executing VM operation: G1PauseCleanup
Event: 7.323 Executing VM operation: G1PauseCleanup done
Event: 7.964 Executing VM operation: ICBufferFull
Event: 7.964 Executing VM operation: ICBufferFull done
Event: 8.002 Executing VM operation: HandshakeAllThreads (Deoptimize)
Event: 8.002 Executing VM operation: HandshakeAllThreads (Deoptimize) done
Event: 8.017 Executing VM operation: G1CollectForAllocation (G1 Evacuation Pause)
Event: 8.017 Executing VM operation: G1CollectForAllocation (G1 Evacuation Pause) done
Event: 8.017 Executing VM operation: G1CollectForAllocation (GCLocker Initiated GC)
Event: 8.029 Executing VM operation: G1CollectForAllocation (GCLocker Initiated GC) done
Event: 8.097 Executing VM operation: HandshakeAllThreads (Deoptimize)
Event: 8.097 Executing VM operation: HandshakeAllThreads (Deoptimize) done
Event: 8.122 Executing VM operation: HandshakeAllThreads (Deoptimize)
Event: 8.137 Executing VM operation: HandshakeAllThreads (Deoptimize) done
Event: 8.150 Executing VM operation: G1CollectForAllocation (G1 Evacuation Pause)

Memory protections (0 events):
No events

Nmethod flushes (20 events):
Event: 7.296 Thread 0x00000257cbdb9350 flushing  nmethod 0x00000257be814c10
Event: 7.296 Thread 0x00000257cbdb9350 flushing  nmethod 0x00000257be825e90
Event: 7.296 Thread 0x00000257cbdb9350 flushing  nmethod 0x00000257b6c27f10
Event: 7.296 Thread 0x00000257cbdb9350 flushing  nmethod 0x00000257b6c28310
Event: 7.296 Thread 0x00000257cbdb9350 flushing  nmethod 0x00000257b6c2f190
Event: 7.296 Thread 0x00000257cbdb9350 flushing  nmethod 0x00000257b6d18010
Event: 7.296 Thread 0x00000257cbdb9350 flushing  nmethod 0x00000257b6d1c290
Event: 7.296 Thread 0x00000257cbdb9350 flushing  nmethod 0x00000257b6d6af10
Event: 7.296 Thread 0x00000257cbdb9350 flushing  nmethod 0x00000257b6d6c310
Event: 7.296 Thread 0x00000257cbdb9350 flushing  nmethod 0x00000257b6e01a90
Event: 7.296 Thread 0x00000257cbdb9350 flushing  nmethod 0x00000257b6e01f90
Event: 7.296 Thread 0x00000257cbdb9350 flushing  nmethod 0x00000257b6e05010
Event: 7.296 Thread 0x00000257cbdb9350 flushing  nmethod 0x00000257b6edb810
Event: 7.296 Thread 0x00000257cbdb9350 flushing  nmethod 0x00000257b6f66790
Event: 7.296 Thread 0x00000257cbdb9350 flushing  nmethod 0x00000257b6f6b410
Event: 7.296 Thread 0x00000257cbdb9350 flushing  nmethod 0x00000257b71c1910
Event: 7.296 Thread 0x00000257cbdb9350 flushing  nmethod 0x00000257b71c3090
Event: 7.296 Thread 0x00000257cbdb9350 flushing  nmethod 0x00000257b6f71f10
Event: 7.296 Thread 0x00000257cbdb9350 flushing  nmethod 0x00000257b6f72610
Event: 7.296 Thread 0x00000257cbdb9350 flushing  nmethod 0x00000257b6f79210

Events (20 events):
Event: 7.697 Thread 0x00000257d478e220 Thread exited: 0x00000257d478e220
Event: 7.749 Thread 0x00000257d2424c20 Thread added: 0x00000257cc97bed0
Event: 7.750 Thread 0x00000257d2424c20 Thread added: 0x00000257cc97e630
Event: 7.750 Thread 0x00000257d2424c20 Thread added: 0x00000257cc97f9e0
Event: 7.751 Thread 0x00000257d2424c20 Thread added: 0x00000257cc97ecc0
Event: 7.752 Thread 0x00000257d2424c20 Thread added: 0x00000257cc97cbf0
Event: 7.755 Thread 0x00000257d2424c20 Thread added: 0x00000257cc97f350
Event: 7.757 Thread 0x00000257d2424c20 Thread added: 0x00000257cc97c560
Event: 7.759 Thread 0x00000257d2424c20 Thread added: 0x00000257cc980070
Event: 7.766 Thread 0x00000257d2424c20 Thread added: 0x00000257cc980700
Event: 7.766 Thread 0x00000257d2424c20 Thread added: 0x00000257cc97d280
Event: 7.766 Thread 0x00000257d2424c20 Thread added: 0x00000257cc980d90
Event: 7.767 Thread 0x00000257d2424c20 Thread added: 0x00000257cc97d910
Event: 7.767 Thread 0x00000257d2424c20 Thread added: 0x00000257cc981420
Event: 7.768 Thread 0x00000257d2424c20 Thread added: 0x00000257cc97dfa0
Event: 7.768 Thread 0x00000257d2424c20 Thread added: 0x00000257cc982140
Event: 7.769 Thread 0x00000257d2424c20 Thread added: 0x00000257cc981ab0
Event: 7.769 Thread 0x00000257d2424c20 Thread added: 0x00000257cc896fe0
Event: 7.872 Thread 0x00000257cbe0c820 Thread added: 0x00000257cc052a40
Event: 7.886 Thread 0x00000257cbe0c820 Thread added: 0x00000257d478e220


Dynamic libraries:
0x00007ff670c80000 - 0x00007ff670c8a000 	D:\android-studio-2024.2.1.11\jbr\bin\java.exe
0x00007ffb33620000 - 0x00007ffb33880000 	C:\WINDOWS\SYSTEM32\ntdll.dll
0x00007ffb31d20000 - 0x00007ffb31de7000 	C:\WINDOWS\System32\KERNEL32.DLL
0x00007ffb30e30000 - 0x00007ffb311fa000 	C:\WINDOWS\System32\KERNELBASE.dll
0x00007ffb31230000 - 0x00007ffb3137b000 	C:\WINDOWS\System32\ucrtbase.dll
0x00007ffaf3050000 - 0x00007ffaf3068000 	D:\android-studio-2024.2.1.11\jbr\bin\jli.dll
0x00007ffb16090000 - 0x00007ffb160ab000 	D:\android-studio-2024.2.1.11\jbr\bin\VCRUNTIME140.dll
0x00007ffb31df0000 - 0x00007ffb31fbc000 	C:\WINDOWS\System32\USER32.dll
0x00007ffb31200000 - 0x00007ffb31227000 	C:\WINDOWS\System32\win32u.dll
0x00007ffb150e0000 - 0x00007ffb15377000 	C:\WINDOWS\WinSxS\amd64_microsoft.windows.common-controls_6595b64144ccf1df_6.0.26100.3624_none_3e086962e3345f24\COMCTL32.dll
0x00007ffb335b0000 - 0x00007ffb335da000 	C:\WINDOWS\System32\GDI32.dll
0x00007ffb32d80000 - 0x00007ffb32e29000 	C:\WINDOWS\System32\msvcrt.dll
0x00007ffb30ac0000 - 0x00007ffb30bf1000 	C:\WINDOWS\System32\gdi32full.dll
0x00007ffb30d80000 - 0x00007ffb30e23000 	C:\WINDOWS\System32\msvcp_win.dll
0x00007ffb33390000 - 0x00007ffb333bf000 	C:\WINDOWS\System32\IMM32.DLL
0x00007ffb28df0000 - 0x00007ffb28dfc000 	D:\android-studio-2024.2.1.11\jbr\bin\vcruntime140_1.dll
0x00007ffb15fb0000 - 0x00007ffb1603d000 	D:\android-studio-2024.2.1.11\jbr\bin\msvcp140.dll
0x00007ffac4680000 - 0x00007ffac530a000 	D:\android-studio-2024.2.1.11\jbr\bin\server\jvm.dll
0x00007ffb32640000 - 0x00007ffb326f2000 	C:\WINDOWS\System32\ADVAPI32.dll
0x00007ffb332e0000 - 0x00007ffb33386000 	C:\WINDOWS\System32\sechost.dll
0x00007ffb32fd0000 - 0x00007ffb330e6000 	C:\WINDOWS\System32\RPCRT4.dll
0x00007ffb32a90000 - 0x00007ffb32b04000 	C:\WINDOWS\System32\WS2_32.dll
0x00007ffb30650000 - 0x00007ffb306ae000 	C:\WINDOWS\SYSTEM32\POWRPROF.dll
0x00007ffb26900000 - 0x00007ffb2690b000 	C:\WINDOWS\SYSTEM32\VERSION.dll
0x00007ffb23e90000 - 0x00007ffb23ec6000 	C:\WINDOWS\SYSTEM32\WINMM.dll
0x00007ffb30630000 - 0x00007ffb30644000 	C:\WINDOWS\SYSTEM32\UMPDC.dll
0x00007ffb2f610000 - 0x00007ffb2f62a000 	C:\WINDOWS\SYSTEM32\kernel.appcore.dll
0x00007ffb16110000 - 0x00007ffb1611a000 	D:\android-studio-2024.2.1.11\jbr\bin\jimage.dll
0x00007ffb2e040000 - 0x00007ffb2e281000 	C:\WINDOWS\SYSTEM32\DBGHELP.DLL
0x00007ffb32700000 - 0x00007ffb32a82000 	C:\WINDOWS\System32\combase.dll
0x00007ffb31490000 - 0x00007ffb31566000 	C:\WINDOWS\System32\OLEAUT32.dll
0x00007ffaf8420000 - 0x00007ffaf8459000 	C:\WINDOWS\SYSTEM32\dbgcore.DLL
0x00007ffb31380000 - 0x00007ffb31419000 	C:\WINDOWS\System32\bcryptPrimitives.dll
0x00007ffaf3a70000 - 0x00007ffaf3a7e000 	D:\android-studio-2024.2.1.11\jbr\bin\instrument.dll
0x00007ffb07160000 - 0x00007ffb07180000 	D:\android-studio-2024.2.1.11\jbr\bin\java.dll
0x00007ffafe500000 - 0x00007ffafe518000 	D:\android-studio-2024.2.1.11\jbr\bin\zip.dll
0x00007ffb31570000 - 0x00007ffb31c99000 	C:\WINDOWS\System32\SHELL32.dll
0x00007ffb30890000 - 0x00007ffb309f8000 	C:\WINDOWS\System32\wintypes.dll
0x00007ffb2e470000 - 0x00007ffb2ecc2000 	C:\WINDOWS\SYSTEM32\windows.storage.dll
0x00007ffb333d0000 - 0x00007ffb334bd000 	C:\WINDOWS\System32\SHCORE.dll
0x00007ffb31420000 - 0x00007ffb31484000 	C:\WINDOWS\System32\shlwapi.dll
0x00007ffb30710000 - 0x00007ffb3073f000 	C:\WINDOWS\SYSTEM32\profapi.dll
0x00007ffb15c30000 - 0x00007ffb15c40000 	D:\android-studio-2024.2.1.11\jbr\bin\net.dll
0x00007ffb26d60000 - 0x00007ffb26e7d000 	C:\WINDOWS\SYSTEM32\WINHTTP.dll
0x00007ffb2fb30000 - 0x00007ffb2fb9a000 	C:\WINDOWS\system32\mswsock.dll
0x00007ffaf6490000 - 0x00007ffaf64a6000 	D:\android-studio-2024.2.1.11\jbr\bin\nio.dll
0x00007ffaf5340000 - 0x00007ffaf5350000 	D:\android-studio-2024.2.1.11\jbr\bin\verify.dll
0x00007ffb161a0000 - 0x00007ffb161c7000 	C:\Users\seifk\.gradle\native\c067742578af261105cb4f569cf0c3c89f3d7b1fecec35dd04571415982c5e48\windows-amd64\native-platform.dll
0x00007ffacc540000 - 0x00007ffacc684000 	C:\Users\seifk\.gradle\native\100fb08df4bc3b14c8652ba06237920a3bd2aa13389f12d3474272988ae205f9\windows-amd64\native-platform-file-events.dll
0x00007ffaf44a0000 - 0x00007ffaf44a9000 	D:\android-studio-2024.2.1.11\jbr\bin\management.dll
0x00007ffaf4490000 - 0x00007ffaf449b000 	D:\android-studio-2024.2.1.11\jbr\bin\management_ext.dll
0x00007ffb335a0000 - 0x00007ffb335a8000 	C:\WINDOWS\System32\PSAPI.DLL
0x00007ffb2fdd0000 - 0x00007ffb2fdec000 	C:\WINDOWS\SYSTEM32\CRYPTSP.dll
0x00007ffb2f570000 - 0x00007ffb2f5aa000 	C:\WINDOWS\system32\rsaenh.dll
0x00007ffb2fbd0000 - 0x00007ffb2fbfb000 	C:\WINDOWS\SYSTEM32\USERENV.dll
0x00007ffb306e0000 - 0x00007ffb30706000 	C:\WINDOWS\SYSTEM32\bcrypt.dll
0x00007ffb2fdf0000 - 0x00007ffb2fdfc000 	C:\WINDOWS\SYSTEM32\CRYPTBASE.dll
0x00007ffb2f000000 - 0x00007ffb2f033000 	C:\WINDOWS\SYSTEM32\IPHLPAPI.DLL
0x00007ffb32450000 - 0x00007ffb3245a000 	C:\WINDOWS\System32\NSI.dll
0x00007ffaf4580000 - 0x00007ffaf4589000 	D:\android-studio-2024.2.1.11\jbr\bin\extnet.dll
0x00007ffb07230000 - 0x00007ffb07238000 	C:\WINDOWS\system32\wshunix.dll

dbghelp: loaded successfully - version: 4.0.5 - missing functions: none
symbol engine: initialized successfully - sym options: 0x614 - pdb path: .;D:\android-studio-2024.2.1.11\jbr\bin;C:\WINDOWS\SYSTEM32;C:\WINDOWS\WinSxS\amd64_microsoft.windows.common-controls_6595b64144ccf1df_6.0.26100.3624_none_3e086962e3345f24;D:\android-studio-2024.2.1.11\jbr\bin\server;C:\Users\seifk\.gradle\native\c067742578af261105cb4f569cf0c3c89f3d7b1fecec35dd04571415982c5e48\windows-amd64;C:\Users\seifk\.gradle\native\100fb08df4bc3b14c8652ba06237920a3bd2aa13389f12d3474272988ae205f9\windows-amd64

VM Arguments:
jvm_args: --add-opens=java.base/java.lang=ALL-UNNAMED --add-opens=java.base/java.lang.invoke=ALL-UNNAMED --add-opens=java.base/java.util=ALL-UNNAMED --add-opens=java.prefs/java.util.prefs=ALL-UNNAMED --add-exports=jdk.compiler/com.sun.tools.javac.api=ALL-UNNAMED --add-exports=jdk.compiler/com.sun.tools.javac.util=ALL-UNNAMED --add-opens=java.base/java.util=ALL-UNNAMED --add-opens=java.prefs/java.util.prefs=ALL-UNNAMED --add-opens=java.base/java.nio.charset=ALL-UNNAMED --add-opens=java.base/java.net=ALL-UNNAMED --add-opens=java.base/java.util.concurrent.atomic=ALL-UNNAMED --add-opens=java.xml/javax.xml.namespace=ALL-UNNAMED --add-opens=jdk.compiler/com.sun.tools.javac.main=ALL-UNNAMED --add-opens=jdk.compiler/com.sun.tools.javac.processing=ALL-UNNAMED --add-opens=jdk.compiler/com.sun.tools.javac.tree=ALL-UNNAMED --add-opens=jdk.compiler/com.sun.tools.javac.util=ALL-UNNAMED --add-opens=jdk.compiler/com.sun.tools.javac.code=ALL-UNNAMED -Xmx2048m -Dfile.encoding=UTF-8 -Duser.country=GB -Duser.language=en -Duser.variant -javaagent:C:\Users\seifk\.gradle\wrapper\dists\gradle-8.11.1-bin\bpt9gzteqjrbo1mjrsomdt32c\gradle-8.11.1\lib\agents\gradle-instrumentation-agent-8.11.1.jar 
java_command: org.gradle.launcher.daemon.bootstrap.GradleDaemon 8.11.1
java_class_path (initial): C:\Users\seifk\.gradle\wrapper\dists\gradle-8.11.1-bin\bpt9gzteqjrbo1mjrsomdt32c\gradle-8.11.1\lib\gradle-daemon-main-8.11.1.jar
Launcher Type: SUN_STANDARD

[Global flags]
     intx CICompilerCount                          = 4                                         {product} {ergonomic}
     uint ConcGCThreads                            = 3                                         {product} {ergonomic}
     uint G1ConcRefinementThreads                  = 10                                        {product} {ergonomic}
   size_t G1HeapRegionSize                         = 1048576                                   {product} {ergonomic}
    uintx GCDrainStackTargetSize                   = 64                                        {product} {ergonomic}
   size_t InitialHeapSize                          = 264241152                                 {product} {ergonomic}
   size_t MarkStackSize                            = 4194304                                   {product} {ergonomic}
   size_t MaxHeapSize                              = 2147483648                                {product} {command line}
   size_t MaxNewSize                               = 1287651328                                {product} {ergonomic}
   size_t MinHeapDeltaBytes                        = 1048576                                   {product} {ergonomic}
   size_t MinHeapSize                              = 8388608                                   {product} {ergonomic}
    uintx NonNMethodCodeHeapSize                   = 5839372                                {pd product} {ergonomic}
    uintx NonProfiledCodeHeapSize                  = 122909434                              {pd product} {ergonomic}
    uintx ProfiledCodeHeapSize                     = 122909434                              {pd product} {ergonomic}
    uintx ReservedCodeCacheSize                    = 251658240                              {pd product} {ergonomic}
     bool SegmentedCodeCache                       = true                                      {product} {ergonomic}
   size_t SoftMaxHeapSize                          = 2147483648                             {manageable} {ergonomic}
     bool UseCompressedOops                        = true                           {product lp64_product} {ergonomic}
     bool UseG1GC                                  = true                                      {product} {ergonomic}
     bool UseLargePagesIndividualAllocation        = false                                  {pd product} {ergonomic}

Logging:
Log output configuration:
 #0: stdout all=warning uptime,level,tags foldmultilines=false
 #1: stderr all=off uptime,level,tags foldmultilines=false

Environment Variables:
JAVA_HOME=D:\DEPI\java\java\jdk-23
PATH=C:\Users\seifk\AppData\Local\Programs\Python\Python313\Scripts\;C:\Users\seifk\AppData\Local\Programs\Python\Python313\;C:\Program Files\Common Files\Oracle\Java\javapath;C:\windows\system32;C:\windows;C:\windows\System32\Wbem;C:\windows\System32\WindowsPowerShell\v1.0\;C:\windows\System32\OpenSSH\;C:\Program Files (x86)\Microsoft SQL Server\100\Tools\Binn\;C:\Program Files\Microsoft SQL Server\100\Tools\Binn\;C:\Program Files\Microsoft SQL Server\100\DTS\Binn\;C:\Program Files\Microsoft SQL Server\150\Tools\Binn\;C:\MinGW\bin;C:\Program Files (x86)\Windows Kits\10\Windows Performance Toolkit\;C:\Program Files\dotnet\;C:\msys64\mingw64\bin;C:\Program Files\HP\HP One Agent;C:\Program Files\Git\cmd;C:\WINDOWS\system32;C:\WINDOWS;C:\WINDOWS\System32\Wbem;C:\WINDOWS\System32\WindowsPowerShell\v1.0\;C:\WINDOWS\System32\OpenSSH\;D:\DEPI\java\java\jdk-23\bin;C:\Program Files\nodejs\;C:\ProgramData\chocolatey\bin;C:\Users\seifk\AppData\Local\Microsoft\WindowsApps;C:\Users\seifk\AppData\Local\Programs\Microsoft VS Code\bin;C:\Users\seifk\.dotnet\tools;C:\src\flutter_windows_3.29.2-stable\flutter\bin;C:\Program Files\JetBrains\CLion 2023.3.4\bin;;C:\Program Files\JetBrains\IntelliJ IDEA 2023.3.4\bin;;C:\Program Files\Java\jdk-22\bin;C:\Users\seifk\AppData\Local\GitHubDesktop\bin;C:\Users\seifk\AppData\Roaming\npm;C:\Users\seifk\Downloads\Compressed\dartsdk-windows-x64-release\dart-sdk\bin;
USERNAME=seifk
OS=Windows_NT
PROCESSOR_IDENTIFIER=Intel64 Family 6 Model 186 Stepping 3, GenuineIntel
TMP=C:\Users\seifk\AppData\Local\Temp
TEMP=C:\Users\seifk\AppData\Local\Temp




Periodic native trim disabled

JNI global refs:
JNI global refs: 29, weak refs: 17

JNI global refs memory usage: 835, weak refs: 833

Process memory usage:
Resident Set Size: 320176K (1% of 16412432K total physical memory with 2325828K free physical memory)

OOME stack traces (most recent first):
Classloader memory used:
Loader org.gradle.internal.classloader.VisitableURLClassLoader                         : 27145K
Loader bootstrap                                                                       : 22290K
Loader org.gradle.initialization.MixInLegacyTypesClassLoader                           : 6521K
Loader org.gradle.internal.classloader.VisitableURLClassLoader                         : 714K
Loader jdk.internal.loader.ClassLoaders$PlatformClassLoader                            : 511K
Loader jdk.internal.loader.ClassLoaders$AppClassLoader                                 : 232K
Loader jdk.internal.reflect.DelegatingClassLoader                                      : 160K
Loader org.gradle.groovy.scripts.internal.DefaultScriptCompilationHandler$ScriptClassLoader: 72760B
Loader org.codehaus.groovy.runtime.callsite.CallSiteClassLoader                        : 18472B

Classes loaded by more than one classloader:
Class org.gradle.api.GradleException                                                  : loaded 3 times (x 78B)
Class sync_studio_tooling11_erktcqaj92vlfdok5mbclulls                                 : loaded 2 times (x 175B)
Class org.gradle.internal.classloader.ClassLoaderHierarchy                            : loaded 2 times (x 66B)
Class org.gradle.api.internal.classpath.ManifestUtil                                  : loaded 2 times (x 67B)
Class org.gradle.internal.operations.MultipleBuildOperationFailures                   : loaded 2 times (x 91B)
Class org.gradle.internal.classloader.DefaultClassLoaderFactory                       : loaded 2 times (x 78B)
Class kotlin.collections.AbstractList$Companion                                       : loaded 2 times (x 67B)
Class org.gradle.internal.classloader.ClassLoaderVisitor                              : loaded 2 times (x 72B)
Class org.gradle.api.internal.classpath.EffectiveClassPath                            : loaded 2 times (x 86B)
Class org.gradle.api.internal.DefaultClassPathProvider                                : loaded 2 times (x 72B)
Class [Lorg.gradle.api.internal.ClassPathProvider;                                    : loaded 2 times (x 65B)
Class org.gradle.api.internal.ClassPathProvider                                       : loaded 2 times (x 66B)
Class org.gradle.internal.service.UnknownServiceException                             : loaded 2 times (x 79B)
Class org.gradle.internal.classpath.TransformedClassPath                              : loaded 2 times (x 92B)
Class org.gradle.internal.classloader.InstrumentingClassLoader                        : loaded 2 times (x 66B)
Class kotlin.enums.EnumEntriesList                                                    : loaded 2 times (x 219B)
Class org.gradle.internal.service.ServiceLocator                                      : loaded 2 times (x 66B)
Class org.gradle.internal.InternalTransformer                                         : loaded 2 times (x 66B)
Class org.gradle.internal.time.DefaultTimer                                           : loaded 2 times (x 76B)
Class org.gradle.internal.classloader.ClasspathUtil$1                                 : loaded 2 times (x 72B)
Class org.gradle.api.internal.classpath.DefaultModuleRegistry$DefaultModule           : loaded 2 times (x 82B)
Class org.gradle.internal.time.DefaultCountdownTimer                                  : loaded 2 times (x 84B)
Class kotlin.Function                                                                 : loaded 2 times (x 66B)
Class org.gradle.api.internal.classpath.Module                                        : loaded 2 times (x 66B)
Class org.gradle.api.internal.classpath.UnknownModuleException                        : loaded 2 times (x 78B)
Class org.gradle.api.internal.DefaultClassPathRegistry                                : loaded 2 times (x 72B)
Class org.gradle.api.internal.ClassPathRegistry                                       : loaded 2 times (x 66B)
Class org.gradle.internal.classpath.DefaultClassPath$ImmutableUniqueList              : loaded 2 times (x 195B)
Class org.gradle.internal.classpath.ClassPath                                         : loaded 2 times (x 66B)
Class org.gradle.api.UncheckedIOException                                             : loaded 2 times (x 78B)
Class kotlin.UninitializedPropertyAccessException                                     : loaded 2 times (x 78B)
Class org.gradle.internal.installation.GradleInstallation$1                           : loaded 2 times (x 71B)
Class org.gradle.api.internal.classpath.ModuleRegistry                                : loaded 2 times (x 66B)
Class org.gradle.api.internal.classpath.DefaultModuleRegistry                         : loaded 2 times (x 82B)
Class org.gradle.internal.time.MonotonicClock                                         : loaded 2 times (x 73B)
Class org.gradle.internal.service.ServiceLookupException                              : loaded 2 times (x 78B)
Class org.gradle.internal.classloader.ClassLoaderFactory                              : loaded 2 times (x 66B)
Class org.gradle.internal.service.CachingServiceLocator                               : loaded 2 times (x 78B)
Class org.gradle.internal.time.TimeSource                                             : loaded 2 times (x 66B)
Class kotlin.enums.EnumEntries                                                        : loaded 2 times (x 66B)
Class org.gradle.internal.exceptions.ResolutionProvider                               : loaded 2 times (x 66B)
Class org.gradle.internal.classloader.ClasspathUtil                                   : loaded 2 times (x 67B)
Class org.gradle.internal.time.TimeSource$1                                           : loaded 2 times (x 73B)
Class org.gradle.api.specs.Spec                                                       : loaded 2 times (x 66B)
Class org.gradle.internal.time.Clock                                                  : loaded 2 times (x 66B)
Class kotlin.collections.AbstractList                                                 : loaded 2 times (x 193B)
Class kotlin.collections.AbstractCollection                                           : loaded 2 times (x 113B)
Class org.gradle.internal.classloader.VisitableURLClassLoader$InstrumentingVisitableURLClassLoader: loaded 2 times (x 119B)
Class org.gradle.internal.classloader.VisitableURLClassLoader$Spec                    : loaded 2 times (x 70B)
Class org.gradle.internal.classpath.DefaultClassPath                                  : loaded 2 times (x 86B)
Class org.gradle.internal.classloader.ClassLoaderSpec                                 : loaded 2 times (x 67B)
Class org.gradle.internal.classloader.VisitableURLClassLoader                         : loaded 2 times (x 113B)
Class org.gradle.internal.Cast                                                        : loaded 2 times (x 67B)
Class org.gradle.api.Action                                                           : loaded 2 times (x 66B)
Class kotlin.jvm.functions.Function1                                                  : loaded 2 times (x 66B)
Class org.gradle.internal.classpath.DefaultClassPath$ImmutableUniqueList$Builder      : loaded 2 times (x 71B)
Class org.gradle.internal.classloader.FilteringClassLoader                            : loaded 2 times (x 101B)
Class org.gradle.internal.exceptions.NonGradleCauseExceptionsHolder                   : loaded 2 times (x 66B)
Class kotlin.enums.EnumEntriesKt                                                      : loaded 2 times (x 67B)
Class org.gradle.internal.IoActions                                                   : loaded 2 times (x 67B)
Class org.gradle.internal.classloader.SystemClassLoaderSpec                           : loaded 2 times (x 67B)
Class org.gradle.internal.exceptions.MultiCauseException                              : loaded 2 times (x 66B)
Class org.gradle.internal.time.CountdownTimer                                         : loaded 2 times (x 66B)
Class kotlin.jvm.internal.Intrinsics                                                  : loaded 2 times (x 67B)
Class org.gradle.tooling.model.ProjectModel                                           : loaded 2 times (x 66B)
Class kotlin.KotlinNullPointerException                                               : loaded 2 times (x 79B)
Class org.gradle.internal.exceptions.DefaultMultiCauseException                       : loaded 2 times (x 91B)
Class org.gradle.internal.time.Time                                                   : loaded 2 times (x 67B)
Class org.gradle.api.internal.classpath.GlobalCacheRootsProvider                      : loaded 2 times (x 66B)
Class org.gradle.internal.time.Timer                                                  : loaded 2 times (x 66B)
Class kotlin.jvm.internal.markers.KMappedMarker                                       : loaded 2 times (x 66B)
Class org.gradle.internal.installation.CurrentGradleInstallationLocator               : loaded 2 times (x 67B)
Class org.gradle.internal.service.DefaultServiceLocator                               : loaded 2 times (x 79B)
Class org.gradle.util.GradleVersion                                                   : loaded 2 times (x 79B)
Class org.gradle.internal.installation.CurrentGradleInstallation                      : loaded 2 times (x 69B)
Class org.gradle.util.internal.GUtil                                                  : loaded 2 times (x 67B)
Class org.gradle.internal.installation.GradleInstallation                             : loaded 2 times (x 71B)

---------------  S Y S T E M  ---------------

OS:
 Windows 11 , 64 bit Build 26100 (10.0.26100.3775)
OS uptime: 0 days 5:57 hours
Hyper-V role detected

CPU: total 12 (initial active 12) (6 cores per cpu, 2 threads per core) family 6 model 186 stepping 3 microcode 0x4121, cx8, cmov, fxsr, ht, mmx, 3dnowpref, sse, sse2, sse3, ssse3, sse4.1, sse4.2, popcnt, lzcnt, tsc, tscinvbit, avx, avx2, aes, erms, clmul, bmi1, bmi2, adx, sha, fma, vzeroupper, clflush, clflushopt, clwb, hv, serialize, rdtscp, rdpid, fsrm, f16c, cet_ibt, cet_ss
Processor Information for processor 0
  Max Mhz: 1700, Current Mhz: 1700, Mhz Limit: 1700
Processor Information for processor 1
  Max Mhz: 1700, Current Mhz: 1700, Mhz Limit: 1700
Processor Information for processor 2
  Max Mhz: 1700, Current Mhz: 1700, Mhz Limit: 1700
Processor Information for processor 3
  Max Mhz: 1700, Current Mhz: 1700, Mhz Limit: 1700
Processor Information for processor 4
  Max Mhz: 1700, Current Mhz: 1200, Mhz Limit: 1190
Processor Information for processor 5
  Max Mhz: 1700, Current Mhz: 1200, Mhz Limit: 1190
Processor Information for processor 6
  Max Mhz: 1700, Current Mhz: 1200, Mhz Limit: 1190
Processor Information for processor 7
  Max Mhz: 1700, Current Mhz: 1200, Mhz Limit: 1190
Processor Information for processor 8
  Max Mhz: 1700, Current Mhz: 1200, Mhz Limit: 1190
Processor Information for processor 9
  Max Mhz: 1700, Current Mhz: 1200, Mhz Limit: 1190
Processor Information for processor 10
  Max Mhz: 1700, Current Mhz: 1200, Mhz Limit: 1190
Processor Information for processor 11
  Max Mhz: 1700, Current Mhz: 1200, Mhz Limit: 1190

Memory: 4k page, system-wide physical 16027M (2271M free)
TotalPageFile size 26048M (AvailPageFile size 8M)
current process WorkingSet (physical memory assigned to process): 312M, peak: 313M
current process commit charge ("private bytes"): 356M, peak: 383M

vm_info: OpenJDK 64-Bit Server VM (21.0.5+-13047016-b750.29) for windows-amd64 JRE (21.0.5+-13047016-b750.29), built on 2025-02-11T21:12:39Z by "builder" with MS VC++ 16.10 / 16.11 (VS2019)

END.
